The target system is: Linux -  - 
The host system is: Linux - 4.6.3-1-ARCH - x86_64
Compiling the C compiler identification source file "CMakeCCompilerId.c" succeeded.
Compiler: /home/ralf/devel/toolchain/armv7/x-tools7h/arm-unknown-linux-gnueabihf/bin/arm-unknown-linux-gnueabihf-gcc 
Build flags: 
Id flags: 

The output was:
0


Compilation of the C compiler identification source "CMakeCCompilerId.c" produced "a.out"

The C compiler identification is GNU, found in "/home/ralf/devel/makelight/arm/b/CMakeFiles/3.5.2/CompilerIdC/a.out"

Compiling the CXX compiler identification source file "CMakeCXXCompilerId.cpp" succeeded.
Compiler: /home/ralf/devel/toolchain/armv7/x-tools7h/arm-unknown-linux-gnueabihf/bin/arm-unknown-linux-gnueabihf-g++ 
Build flags: 
Id flags: 

The output was:
0


Compilation of the CXX compiler identification source "CMakeCXXCompilerId.cpp" produced "a.out"

The CXX compiler identification is GNU, found in "/home/ralf/devel/makelight/arm/b/CMakeFiles/3.5.2/CompilerIdCXX/a.out"

Determining if the C compiler works passed with the following output:
Change Dir: /home/ralf/devel/makelight/arm/b/CMakeFiles/CMakeTmp

Run Build Command:"/usr/bin/make" "cmTC_000e9/fast"
/usr/bin/make -f CMakeFiles/cmTC_000e9.dir/build.make CMakeFiles/cmTC_000e9.dir/build
make[1]: Verzeichnis „/home/ralf/devel/makelight/arm/b/CMakeFiles/CMakeTmp“ wird betreten
Building C object CMakeFiles/cmTC_000e9.dir/testCCompiler.c.o
/home/ralf/devel/toolchain/armv7/x-tools7h/arm-unknown-linux-gnueabihf/bin/arm-unknown-linux-gnueabihf-gcc  --sysroot=/home/ralf/devel/toolchain/armv7/device/root-filesystem    -o CMakeFiles/cmTC_000e9.dir/testCCompiler.c.o   -c /home/ralf/devel/makelight/arm/b/CMakeFiles/CMakeTmp/testCCompiler.c
Linking C executable cmTC_000e9
/usr/bin/cmake -E cmake_link_script CMakeFiles/cmTC_000e9.dir/link.txt --verbose=1
/home/ralf/devel/toolchain/armv7/x-tools7h/arm-unknown-linux-gnueabihf/bin/arm-unknown-linux-gnueabihf-gcc  --sysroot=/home/ralf/devel/toolchain/armv7/device/root-filesystem      CMakeFiles/cmTC_000e9.dir/testCCompiler.c.o  -o cmTC_000e9 
make[1]: Verzeichnis „/home/ralf/devel/makelight/arm/b/CMakeFiles/CMakeTmp“ wird verlassen


Detecting C compiler ABI info compiled with the following output:
Change Dir: /home/ralf/devel/makelight/arm/b/CMakeFiles/CMakeTmp

Run Build Command:"/usr/bin/make" "cmTC_4d9af/fast"
/usr/bin/make -f CMakeFiles/cmTC_4d9af.dir/build.make CMakeFiles/cmTC_4d9af.dir/build
make[1]: Verzeichnis „/home/ralf/devel/makelight/arm/b/CMakeFiles/CMakeTmp“ wird betreten
Building C object CMakeFiles/cmTC_4d9af.dir/CMakeCCompilerABI.c.o
/home/ralf/devel/toolchain/armv7/x-tools7h/arm-unknown-linux-gnueabihf/bin/arm-unknown-linux-gnueabihf-gcc  --sysroot=/home/ralf/devel/toolchain/armv7/device/root-filesystem    -o CMakeFiles/cmTC_4d9af.dir/CMakeCCompilerABI.c.o   -c /usr/share/cmake-3.5/Modules/CMakeCCompilerABI.c
Linking C executable cmTC_4d9af
/usr/bin/cmake -E cmake_link_script CMakeFiles/cmTC_4d9af.dir/link.txt --verbose=1
/home/ralf/devel/toolchain/armv7/x-tools7h/arm-unknown-linux-gnueabihf/bin/arm-unknown-linux-gnueabihf-gcc  --sysroot=/home/ralf/devel/toolchain/armv7/device/root-filesystem     -v CMakeFiles/cmTC_4d9af.dir/CMakeCCompilerABI.c.o  -o cmTC_4d9af  
Using built-in specs.
COLLECT_GCC=/home/ralf/devel/toolchain/armv7/x-tools7h/arm-unknown-linux-gnueabihf/bin/arm-unknown-linux-gnueabihf-gcc
COLLECT_LTO_WRAPPER=/home/ralf/devel/toolchain/armv7/x-tools7h/arm-unknown-linux-gnueabihf/bin/../libexec/gcc/arm-unknown-linux-gnueabihf/6.1.1/lto-wrapper
Target: arm-unknown-linux-gnueabihf
Configured with: /home/leming/cross/bin/.build/src/gcc-6.1.1/configure --build=x86_64-build_pc-linux-gnu --host=x86_64-build_pc-linux-gnu --target=arm-unknown-linux-gnueabihf --prefix=/home/leming/x-tools7h-new/arm-unknown-linux-gnueabihf --with-sysroot=/home/leming/x-tools7h-new/arm-unknown-linux-gnueabihf/arm-unknown-linux-gnueabihf/sysroot --enable-languages=c,c++,fortran --with-arch=armv7-a --with-fpu=vfpv3-d16 --with-float=hard --with-pkgversion='crosstool-NG crosstool-ng-1.22.0-21-g2d3c70d' --disable-sjlj-exceptions --enable-__cxa_atexit --disable-libmudflap --enable-libgomp --disable-libssp --enable-libquadmath --enable-libquadmath-support --disable-libsanitizer --with-gmp=/home/leming/cross/bin/.build/arm-unknown-linux-gnueabihf/buildtools --with-mpfr=/home/leming/cross/bin/.build/arm-unknown-linux-gnueabihf/buildtools --with-mpc=/home/leming/cross/bin/.build/arm-unknown-linux-gnueabihf/buildtools --with-isl=/home/leming/cross/bin/.build/arm-unknown-linux-gnueabihf/buildtools --enable-lto --enable-threads=posix --enable-target-optspace --with-linker-hash-style=gnu --disable-nls --disable-multilib --with-local-prefix=/home/leming/x-tools7h-new/arm-unknown-linux-gnueabihf/arm-unknown-linux-gnueabihf/sysroot --enable-long-long --with-arch=armv7-a --with-float=hard --with-fpu=vfpv3-d16
Thread model: posix
gcc version 6.1.1 20160602 (crosstool-NG crosstool-ng-1.22.0-21-g2d3c70d) 
COMPILER_PATH=/home/ralf/devel/toolchain/armv7/x-tools7h/arm-unknown-linux-gnueabihf/bin/../libexec/gcc/arm-unknown-linux-gnueabihf/6.1.1/:/home/ralf/devel/toolchain/armv7/x-tools7h/arm-unknown-linux-gnueabihf/bin/../libexec/gcc/:/home/ralf/devel/toolchain/armv7/x-tools7h/arm-unknown-linux-gnueabihf/bin/../lib/gcc/arm-unknown-linux-gnueabihf/6.1.1/../../../../arm-unknown-linux-gnueabihf/bin/
LIBRARY_PATH=/home/ralf/devel/toolchain/armv7/x-tools7h/arm-unknown-linux-gnueabihf/bin/../lib/gcc/arm-unknown-linux-gnueabihf/6.1.1/:/home/ralf/devel/toolchain/armv7/x-tools7h/arm-unknown-linux-gnueabihf/bin/../lib/gcc/:/home/ralf/devel/toolchain/armv7/x-tools7h/arm-unknown-linux-gnueabihf/bin/../lib/gcc/arm-unknown-linux-gnueabihf/6.1.1/../../../../arm-unknown-linux-gnueabihf/lib/:/home/ralf/devel/toolchain/armv7/device/root-filesystem/lib/:/home/ralf/devel/toolchain/armv7/device/root-filesystem/usr/lib/
COLLECT_GCC_OPTIONS='-v' '-o' 'cmTC_4d9af' '-march=armv7-a' '-mfloat-abi=hard' '-mfpu=vfpv3-d16' '-mtls-dialect=gnu'
 /home/ralf/devel/toolchain/armv7/x-tools7h/arm-unknown-linux-gnueabihf/bin/../libexec/gcc/arm-unknown-linux-gnueabihf/6.1.1/collect2 -plugin /home/ralf/devel/toolchain/armv7/x-tools7h/arm-unknown-linux-gnueabihf/bin/../libexec/gcc/arm-unknown-linux-gnueabihf/6.1.1/liblto_plugin.so -plugin-opt=/home/ralf/devel/toolchain/armv7/x-tools7h/arm-unknown-linux-gnueabihf/bin/../libexec/gcc/arm-unknown-linux-gnueabihf/6.1.1/lto-wrapper -plugin-opt=-fresolution=/tmp/cc3a0t3q.res -plugin-opt=-pass-through=-lgcc -plugin-opt=-pass-through=-lgcc_s -plugin-opt=-pass-through=-lc -plugin-opt=-pass-through=-lgcc -plugin-opt=-pass-through=-lgcc_s --sysroot=/home/ralf/devel/toolchain/armv7/device/root-filesystem --eh-frame-hdr --hash-style=gnu -dynamic-linker /lib/ld-linux-armhf.so.3 -X -m armelf_linux_eabi -o cmTC_4d9af /home/ralf/devel/toolchain/armv7/device/root-filesystem/lib/crt1.o /home/ralf/devel/toolchain/armv7/device/root-filesystem/lib/crti.o /home/ralf/devel/toolchain/armv7/x-tools7h/arm-unknown-linux-gnueabihf/bin/../lib/gcc/arm-unknown-linux-gnueabihf/6.1.1/crtbegin.o -L/home/ralf/devel/toolchain/armv7/x-tools7h/arm-unknown-linux-gnueabihf/bin/../lib/gcc/arm-unknown-linux-gnueabihf/6.1.1 -L/home/ralf/devel/toolchain/armv7/x-tools7h/arm-unknown-linux-gnueabihf/bin/../lib/gcc -L/home/ralf/devel/toolchain/armv7/x-tools7h/arm-unknown-linux-gnueabihf/bin/../lib/gcc/arm-unknown-linux-gnueabihf/6.1.1/../../../../arm-unknown-linux-gnueabihf/lib -L/home/ralf/devel/toolchain/armv7/device/root-filesystem/lib -L/home/ralf/devel/toolchain/armv7/device/root-filesystem/usr/lib CMakeFiles/cmTC_4d9af.dir/CMakeCCompilerABI.c.o -lgcc --as-needed -lgcc_s --no-as-needed -lc -lgcc --as-needed -lgcc_s --no-as-needed /home/ralf/devel/toolchain/armv7/x-tools7h/arm-unknown-linux-gnueabihf/bin/../lib/gcc/arm-unknown-linux-gnueabihf/6.1.1/crtend.o /home/ralf/devel/toolchain/armv7/device/root-filesystem/lib/crtn.o
COLLECT_GCC_OPTIONS='-v' '-o' 'cmTC_4d9af' '-march=armv7-a' '-mfloat-abi=hard' '-mfpu=vfpv3-d16' '-mtls-dialect=gnu'
make[1]: Verzeichnis „/home/ralf/devel/makelight/arm/b/CMakeFiles/CMakeTmp“ wird verlassen


Parsed C implicit link information from above output:
  link line regex: [^( *|.*[/\])(arm-unknown-linux-gnueabihf-ld|([^/\]+-)?ld|collect2)[^/\]*( |$)]
  ignore line: [Change Dir: /home/ralf/devel/makelight/arm/b/CMakeFiles/CMakeTmp]
  ignore line: []
  ignore line: [Run Build Command:"/usr/bin/make" "cmTC_4d9af/fast"]
  ignore line: [/usr/bin/make -f CMakeFiles/cmTC_4d9af.dir/build.make CMakeFiles/cmTC_4d9af.dir/build]
  ignore line: [make[1]: Verzeichnis „/home/ralf/devel/makelight/arm/b/CMakeFiles/CMakeTmp“ wird betreten]
  ignore line: [Building C object CMakeFiles/cmTC_4d9af.dir/CMakeCCompilerABI.c.o]
  ignore line: [/home/ralf/devel/toolchain/armv7/x-tools7h/arm-unknown-linux-gnueabihf/bin/arm-unknown-linux-gnueabihf-gcc  --sysroot=/home/ralf/devel/toolchain/armv7/device/root-filesystem    -o CMakeFiles/cmTC_4d9af.dir/CMakeCCompilerABI.c.o   -c /usr/share/cmake-3.5/Modules/CMakeCCompilerABI.c]
  ignore line: [Linking C executable cmTC_4d9af]
  ignore line: [/usr/bin/cmake -E cmake_link_script CMakeFiles/cmTC_4d9af.dir/link.txt --verbose=1]
  ignore line: [/home/ralf/devel/toolchain/armv7/x-tools7h/arm-unknown-linux-gnueabihf/bin/arm-unknown-linux-gnueabihf-gcc  --sysroot=/home/ralf/devel/toolchain/armv7/device/root-filesystem     -v CMakeFiles/cmTC_4d9af.dir/CMakeCCompilerABI.c.o  -o cmTC_4d9af  ]
  ignore line: [Using built-in specs.]
  ignore line: [COLLECT_GCC=/home/ralf/devel/toolchain/armv7/x-tools7h/arm-unknown-linux-gnueabihf/bin/arm-unknown-linux-gnueabihf-gcc]
  ignore line: [COLLECT_LTO_WRAPPER=/home/ralf/devel/toolchain/armv7/x-tools7h/arm-unknown-linux-gnueabihf/bin/../libexec/gcc/arm-unknown-linux-gnueabihf/6.1.1/lto-wrapper]
  ignore line: [Target: arm-unknown-linux-gnueabihf]
  ignore line: [Configured with: /home/leming/cross/bin/.build/src/gcc-6.1.1/configure --build=x86_64-build_pc-linux-gnu --host=x86_64-build_pc-linux-gnu --target=arm-unknown-linux-gnueabihf --prefix=/home/leming/x-tools7h-new/arm-unknown-linux-gnueabihf --with-sysroot=/home/leming/x-tools7h-new/arm-unknown-linux-gnueabihf/arm-unknown-linux-gnueabihf/sysroot --enable-languages=c,c++,fortran --with-arch=armv7-a --with-fpu=vfpv3-d16 --with-float=hard --with-pkgversion='crosstool-NG crosstool-ng-1.22.0-21-g2d3c70d' --disable-sjlj-exceptions --enable-__cxa_atexit --disable-libmudflap --enable-libgomp --disable-libssp --enable-libquadmath --enable-libquadmath-support --disable-libsanitizer --with-gmp=/home/leming/cross/bin/.build/arm-unknown-linux-gnueabihf/buildtools --with-mpfr=/home/leming/cross/bin/.build/arm-unknown-linux-gnueabihf/buildtools --with-mpc=/home/leming/cross/bin/.build/arm-unknown-linux-gnueabihf/buildtools --with-isl=/home/leming/cross/bin/.build/arm-unknown-linux-gnueabihf/buildtools --enable-lto --enable-threads=posix --enable-target-optspace --with-linker-hash-style=gnu --disable-nls --disable-multilib --with-local-prefix=/home/leming/x-tools7h-new/arm-unknown-linux-gnueabihf/arm-unknown-linux-gnueabihf/sysroot --enable-long-long --with-arch=armv7-a --with-float=hard --with-fpu=vfpv3-d16]
  ignore line: [Thread model: posix]
  ignore line: [gcc version 6.1.1 20160602 (crosstool-NG crosstool-ng-1.22.0-21-g2d3c70d) ]
  ignore line: [COMPILER_PATH=/home/ralf/devel/toolchain/armv7/x-tools7h/arm-unknown-linux-gnueabihf/bin/../libexec/gcc/arm-unknown-linux-gnueabihf/6.1.1/:/home/ralf/devel/toolchain/armv7/x-tools7h/arm-unknown-linux-gnueabihf/bin/../libexec/gcc/:/home/ralf/devel/toolchain/armv7/x-tools7h/arm-unknown-linux-gnueabihf/bin/../lib/gcc/arm-unknown-linux-gnueabihf/6.1.1/../../../../arm-unknown-linux-gnueabihf/bin/]
  ignore line: [LIBRARY_PATH=/home/ralf/devel/toolchain/armv7/x-tools7h/arm-unknown-linux-gnueabihf/bin/../lib/gcc/arm-unknown-linux-gnueabihf/6.1.1/:/home/ralf/devel/toolchain/armv7/x-tools7h/arm-unknown-linux-gnueabihf/bin/../lib/gcc/:/home/ralf/devel/toolchain/armv7/x-tools7h/arm-unknown-linux-gnueabihf/bin/../lib/gcc/arm-unknown-linux-gnueabihf/6.1.1/../../../../arm-unknown-linux-gnueabihf/lib/:/home/ralf/devel/toolchain/armv7/device/root-filesystem/lib/:/home/ralf/devel/toolchain/armv7/device/root-filesystem/usr/lib/]
  ignore line: [COLLECT_GCC_OPTIONS='-v' '-o' 'cmTC_4d9af' '-march=armv7-a' '-mfloat-abi=hard' '-mfpu=vfpv3-d16' '-mtls-dialect=gnu']
  link line: [ /home/ralf/devel/toolchain/armv7/x-tools7h/arm-unknown-linux-gnueabihf/bin/../libexec/gcc/arm-unknown-linux-gnueabihf/6.1.1/collect2 -plugin /home/ralf/devel/toolchain/armv7/x-tools7h/arm-unknown-linux-gnueabihf/bin/../libexec/gcc/arm-unknown-linux-gnueabihf/6.1.1/liblto_plugin.so -plugin-opt=/home/ralf/devel/toolchain/armv7/x-tools7h/arm-unknown-linux-gnueabihf/bin/../libexec/gcc/arm-unknown-linux-gnueabihf/6.1.1/lto-wrapper -plugin-opt=-fresolution=/tmp/cc3a0t3q.res -plugin-opt=-pass-through=-lgcc -plugin-opt=-pass-through=-lgcc_s -plugin-opt=-pass-through=-lc -plugin-opt=-pass-through=-lgcc -plugin-opt=-pass-through=-lgcc_s --sysroot=/home/ralf/devel/toolchain/armv7/device/root-filesystem --eh-frame-hdr --hash-style=gnu -dynamic-linker /lib/ld-linux-armhf.so.3 -X -m armelf_linux_eabi -o cmTC_4d9af /home/ralf/devel/toolchain/armv7/device/root-filesystem/lib/crt1.o /home/ralf/devel/toolchain/armv7/device/root-filesystem/lib/crti.o /home/ralf/devel/toolchain/armv7/x-tools7h/arm-unknown-linux-gnueabihf/bin/../lib/gcc/arm-unknown-linux-gnueabihf/6.1.1/crtbegin.o -L/home/ralf/devel/toolchain/armv7/x-tools7h/arm-unknown-linux-gnueabihf/bin/../lib/gcc/arm-unknown-linux-gnueabihf/6.1.1 -L/home/ralf/devel/toolchain/armv7/x-tools7h/arm-unknown-linux-gnueabihf/bin/../lib/gcc -L/home/ralf/devel/toolchain/armv7/x-tools7h/arm-unknown-linux-gnueabihf/bin/../lib/gcc/arm-unknown-linux-gnueabihf/6.1.1/../../../../arm-unknown-linux-gnueabihf/lib -L/home/ralf/devel/toolchain/armv7/device/root-filesystem/lib -L/home/ralf/devel/toolchain/armv7/device/root-filesystem/usr/lib CMakeFiles/cmTC_4d9af.dir/CMakeCCompilerABI.c.o -lgcc --as-needed -lgcc_s --no-as-needed -lc -lgcc --as-needed -lgcc_s --no-as-needed /home/ralf/devel/toolchain/armv7/x-tools7h/arm-unknown-linux-gnueabihf/bin/../lib/gcc/arm-unknown-linux-gnueabihf/6.1.1/crtend.o /home/ralf/devel/toolchain/armv7/device/root-filesystem/lib/crtn.o]
    arg [/home/ralf/devel/toolchain/armv7/x-tools7h/arm-unknown-linux-gnueabihf/bin/../libexec/gcc/arm-unknown-linux-gnueabihf/6.1.1/collect2] ==> ignore
    arg [-plugin] ==> ignore
    arg [/home/ralf/devel/toolchain/armv7/x-tools7h/arm-unknown-linux-gnueabihf/bin/../libexec/gcc/arm-unknown-linux-gnueabihf/6.1.1/liblto_plugin.so] ==> ignore
    arg [-plugin-opt=/home/ralf/devel/toolchain/armv7/x-tools7h/arm-unknown-linux-gnueabihf/bin/../libexec/gcc/arm-unknown-linux-gnueabihf/6.1.1/lto-wrapper] ==> ignore
    arg [-plugin-opt=-fresolution=/tmp/cc3a0t3q.res] ==> ignore
    arg [-plugin-opt=-pass-through=-lgcc] ==> ignore
    arg [-plugin-opt=-pass-through=-lgcc_s] ==> ignore
    arg [-plugin-opt=-pass-through=-lc] ==> ignore
    arg [-plugin-opt=-pass-through=-lgcc] ==> ignore
    arg [-plugin-opt=-pass-through=-lgcc_s] ==> ignore
    arg [--sysroot=/home/ralf/devel/toolchain/armv7/device/root-filesystem] ==> ignore
    arg [--eh-frame-hdr] ==> ignore
    arg [--hash-style=gnu] ==> ignore
    arg [-dynamic-linker] ==> ignore
    arg [/lib/ld-linux-armhf.so.3] ==> ignore
    arg [-X] ==> ignore
    arg [-m] ==> ignore
    arg [armelf_linux_eabi] ==> ignore
    arg [-o] ==> ignore
    arg [cmTC_4d9af] ==> ignore
    arg [/home/ralf/devel/toolchain/armv7/device/root-filesystem/lib/crt1.o] ==> ignore
    arg [/home/ralf/devel/toolchain/armv7/device/root-filesystem/lib/crti.o] ==> ignore
    arg [/home/ralf/devel/toolchain/armv7/x-tools7h/arm-unknown-linux-gnueabihf/bin/../lib/gcc/arm-unknown-linux-gnueabihf/6.1.1/crtbegin.o] ==> ignore
    arg [-L/home/ralf/devel/toolchain/armv7/x-tools7h/arm-unknown-linux-gnueabihf/bin/../lib/gcc/arm-unknown-linux-gnueabihf/6.1.1] ==> dir [/home/ralf/devel/toolchain/armv7/x-tools7h/arm-unknown-linux-gnueabihf/bin/../lib/gcc/arm-unknown-linux-gnueabihf/6.1.1]
    arg [-L/home/ralf/devel/toolchain/armv7/x-tools7h/arm-unknown-linux-gnueabihf/bin/../lib/gcc] ==> dir [/home/ralf/devel/toolchain/armv7/x-tools7h/arm-unknown-linux-gnueabihf/bin/../lib/gcc]
    arg [-L/home/ralf/devel/toolchain/armv7/x-tools7h/arm-unknown-linux-gnueabihf/bin/../lib/gcc/arm-unknown-linux-gnueabihf/6.1.1/../../../../arm-unknown-linux-gnueabihf/lib] ==> dir [/home/ralf/devel/toolchain/armv7/x-tools7h/arm-unknown-linux-gnueabihf/bin/../lib/gcc/arm-unknown-linux-gnueabihf/6.1.1/../../../../arm-unknown-linux-gnueabihf/lib]
    arg [-L/home/ralf/devel/toolchain/armv7/device/root-filesystem/lib] ==> dir [/home/ralf/devel/toolchain/armv7/device/root-filesystem/lib]
    arg [-L/home/ralf/devel/toolchain/armv7/device/root-filesystem/usr/lib] ==> dir [/home/ralf/devel/toolchain/armv7/device/root-filesystem/usr/lib]
    arg [CMakeFiles/cmTC_4d9af.dir/CMakeCCompilerABI.c.o] ==> ignore
    arg [-lgcc] ==> lib [gcc]
    arg [--as-needed] ==> ignore
    arg [-lgcc_s] ==> lib [gcc_s]
    arg [--no-as-needed] ==> ignore
    arg [-lc] ==> lib [c]
    arg [-lgcc] ==> lib [gcc]
    arg [--as-needed] ==> ignore
    arg [-lgcc_s] ==> lib [gcc_s]
    arg [--no-as-needed] ==> ignore
    arg [/home/ralf/devel/toolchain/armv7/x-tools7h/arm-unknown-linux-gnueabihf/bin/../lib/gcc/arm-unknown-linux-gnueabihf/6.1.1/crtend.o] ==> ignore
    arg [/home/ralf/devel/toolchain/armv7/device/root-filesystem/lib/crtn.o] ==> ignore
  remove lib [gcc]
  remove lib [gcc_s]
  remove lib [gcc]
  remove lib [gcc_s]
  collapse library dir [/home/ralf/devel/toolchain/armv7/x-tools7h/arm-unknown-linux-gnueabihf/bin/../lib/gcc/arm-unknown-linux-gnueabihf/6.1.1] ==> [/home/ralf/devel/toolchain/armv7/x-tools7h/arm-unknown-linux-gnueabihf/lib/gcc/arm-unknown-linux-gnueabihf/6.1.1]
  collapse library dir [/home/ralf/devel/toolchain/armv7/x-tools7h/arm-unknown-linux-gnueabihf/bin/../lib/gcc] ==> [/home/ralf/devel/toolchain/armv7/x-tools7h/arm-unknown-linux-gnueabihf/lib/gcc]
  collapse library dir [/home/ralf/devel/toolchain/armv7/x-tools7h/arm-unknown-linux-gnueabihf/bin/../lib/gcc/arm-unknown-linux-gnueabihf/6.1.1/../../../../arm-unknown-linux-gnueabihf/lib] ==> [/home/ralf/devel/toolchain/armv7/x-tools7h/arm-unknown-linux-gnueabihf/arm-unknown-linux-gnueabihf/lib]
  collapse library dir [/home/ralf/devel/toolchain/armv7/device/root-filesystem/lib] ==> [/home/ralf/devel/toolchain/armv7/device/root-filesystem/lib]
  collapse library dir [/home/ralf/devel/toolchain/armv7/device/root-filesystem/usr/lib] ==> [/home/ralf/devel/toolchain/armv7/device/root-filesystem/usr/lib]
  implicit libs: [c]
  implicit dirs: [/home/ralf/devel/toolchain/armv7/x-tools7h/arm-unknown-linux-gnueabihf/lib/gcc/arm-unknown-linux-gnueabihf/6.1.1;/home/ralf/devel/toolchain/armv7/x-tools7h/arm-unknown-linux-gnueabihf/lib/gcc;/home/ralf/devel/toolchain/armv7/x-tools7h/arm-unknown-linux-gnueabihf/arm-unknown-linux-gnueabihf/lib;/home/ralf/devel/toolchain/armv7/device/root-filesystem/lib;/home/ralf/devel/toolchain/armv7/device/root-filesystem/usr/lib]
  implicit fwks: []




Detecting C [-std=c11] compiler features compiled with the following output:
Change Dir: /home/ralf/devel/makelight/arm/b/CMakeFiles/CMakeTmp

Run Build Command:"/usr/bin/make" "cmTC_1c8da/fast"
/usr/bin/make -f CMakeFiles/cmTC_1c8da.dir/build.make CMakeFiles/cmTC_1c8da.dir/build
make[1]: Verzeichnis „/home/ralf/devel/makelight/arm/b/CMakeFiles/CMakeTmp“ wird betreten
Building C object CMakeFiles/cmTC_1c8da.dir/feature_tests.c.o
/home/ralf/devel/toolchain/armv7/x-tools7h/arm-unknown-linux-gnueabihf/bin/arm-unknown-linux-gnueabihf-gcc  --sysroot=/home/ralf/devel/toolchain/armv7/device/root-filesystem   -std=c11 -o CMakeFiles/cmTC_1c8da.dir/feature_tests.c.o   -c /home/ralf/devel/makelight/arm/b/CMakeFiles/feature_tests.c
Linking C executable cmTC_1c8da
/usr/bin/cmake -E cmake_link_script CMakeFiles/cmTC_1c8da.dir/link.txt --verbose=1
/home/ralf/devel/toolchain/armv7/x-tools7h/arm-unknown-linux-gnueabihf/bin/arm-unknown-linux-gnueabihf-gcc  --sysroot=/home/ralf/devel/toolchain/armv7/device/root-filesystem      CMakeFiles/cmTC_1c8da.dir/feature_tests.c.o  -o cmTC_1c8da 
make[1]: Verzeichnis „/home/ralf/devel/makelight/arm/b/CMakeFiles/CMakeTmp“ wird verlassen


    Feature record: C_FEATURE:1c_function_prototypes
    Feature record: C_FEATURE:1c_restrict
    Feature record: C_FEATURE:1c_static_assert
    Feature record: C_FEATURE:1c_variadic_macros


Detecting C [-std=c99] compiler features compiled with the following output:
Change Dir: /home/ralf/devel/makelight/arm/b/CMakeFiles/CMakeTmp

Run Build Command:"/usr/bin/make" "cmTC_e451e/fast"
/usr/bin/make -f CMakeFiles/cmTC_e451e.dir/build.make CMakeFiles/cmTC_e451e.dir/build
make[1]: Verzeichnis „/home/ralf/devel/makelight/arm/b/CMakeFiles/CMakeTmp“ wird betreten
Building C object CMakeFiles/cmTC_e451e.dir/feature_tests.c.o
/home/ralf/devel/toolchain/armv7/x-tools7h/arm-unknown-linux-gnueabihf/bin/arm-unknown-linux-gnueabihf-gcc  --sysroot=/home/ralf/devel/toolchain/armv7/device/root-filesystem   -std=c99 -o CMakeFiles/cmTC_e451e.dir/feature_tests.c.o   -c /home/ralf/devel/makelight/arm/b/CMakeFiles/feature_tests.c
Linking C executable cmTC_e451e
/usr/bin/cmake -E cmake_link_script CMakeFiles/cmTC_e451e.dir/link.txt --verbose=1
/home/ralf/devel/toolchain/armv7/x-tools7h/arm-unknown-linux-gnueabihf/bin/arm-unknown-linux-gnueabihf-gcc  --sysroot=/home/ralf/devel/toolchain/armv7/device/root-filesystem      CMakeFiles/cmTC_e451e.dir/feature_tests.c.o  -o cmTC_e451e 
make[1]: Verzeichnis „/home/ralf/devel/makelight/arm/b/CMakeFiles/CMakeTmp“ wird verlassen


    Feature record: C_FEATURE:1c_function_prototypes
    Feature record: C_FEATURE:1c_restrict
    Feature record: C_FEATURE:0c_static_assert
    Feature record: C_FEATURE:1c_variadic_macros


Detecting C [-std=c90] compiler features compiled with the following output:
Change Dir: /home/ralf/devel/makelight/arm/b/CMakeFiles/CMakeTmp

Run Build Command:"/usr/bin/make" "cmTC_f16cf/fast"
/usr/bin/make -f CMakeFiles/cmTC_f16cf.dir/build.make CMakeFiles/cmTC_f16cf.dir/build
make[1]: Verzeichnis „/home/ralf/devel/makelight/arm/b/CMakeFiles/CMakeTmp“ wird betreten
Building C object CMakeFiles/cmTC_f16cf.dir/feature_tests.c.o
/home/ralf/devel/toolchain/armv7/x-tools7h/arm-unknown-linux-gnueabihf/bin/arm-unknown-linux-gnueabihf-gcc  --sysroot=/home/ralf/devel/toolchain/armv7/device/root-filesystem   -std=c90 -o CMakeFiles/cmTC_f16cf.dir/feature_tests.c.o   -c /home/ralf/devel/makelight/arm/b/CMakeFiles/feature_tests.c
Linking C executable cmTC_f16cf
/usr/bin/cmake -E cmake_link_script CMakeFiles/cmTC_f16cf.dir/link.txt --verbose=1
/home/ralf/devel/toolchain/armv7/x-tools7h/arm-unknown-linux-gnueabihf/bin/arm-unknown-linux-gnueabihf-gcc  --sysroot=/home/ralf/devel/toolchain/armv7/device/root-filesystem      CMakeFiles/cmTC_f16cf.dir/feature_tests.c.o  -o cmTC_f16cf 
make[1]: Verzeichnis „/home/ralf/devel/makelight/arm/b/CMakeFiles/CMakeTmp“ wird verlassen


    Feature record: C_FEATURE:1c_function_prototypes
    Feature record: C_FEATURE:0c_restrict
    Feature record: C_FEATURE:0c_static_assert
    Feature record: C_FEATURE:0c_variadic_macros
Determining if the CXX compiler works passed with the following output:
Change Dir: /home/ralf/devel/makelight/arm/b/CMakeFiles/CMakeTmp

Run Build Command:"/usr/bin/make" "cmTC_f45df/fast"
/usr/bin/make -f CMakeFiles/cmTC_f45df.dir/build.make CMakeFiles/cmTC_f45df.dir/build
make[1]: Verzeichnis „/home/ralf/devel/makelight/arm/b/CMakeFiles/CMakeTmp“ wird betreten
Building CXX object CMakeFiles/cmTC_f45df.dir/testCXXCompiler.cxx.o
/home/ralf/devel/toolchain/armv7/x-tools7h/arm-unknown-linux-gnueabihf/bin/arm-unknown-linux-gnueabihf-g++  --sysroot=/home/ralf/devel/toolchain/armv7/device/root-filesystem     -o CMakeFiles/cmTC_f45df.dir/testCXXCompiler.cxx.o -c /home/ralf/devel/makelight/arm/b/CMakeFiles/CMakeTmp/testCXXCompiler.cxx
Linking CXX executable cmTC_f45df
/usr/bin/cmake -E cmake_link_script CMakeFiles/cmTC_f45df.dir/link.txt --verbose=1
/home/ralf/devel/toolchain/armv7/x-tools7h/arm-unknown-linux-gnueabihf/bin/arm-unknown-linux-gnueabihf-g++  --sysroot=/home/ralf/devel/toolchain/armv7/device/root-filesystem       CMakeFiles/cmTC_f45df.dir/testCXXCompiler.cxx.o  -o cmTC_f45df 
make[1]: Verzeichnis „/home/ralf/devel/makelight/arm/b/CMakeFiles/CMakeTmp“ wird verlassen


Detecting CXX compiler ABI info compiled with the following output:
Change Dir: /home/ralf/devel/makelight/arm/b/CMakeFiles/CMakeTmp

Run Build Command:"/usr/bin/make" "cmTC_6b84b/fast"
/usr/bin/make -f CMakeFiles/cmTC_6b84b.dir/build.make CMakeFiles/cmTC_6b84b.dir/build
make[1]: Verzeichnis „/home/ralf/devel/makelight/arm/b/CMakeFiles/CMakeTmp“ wird betreten
Building CXX object CMakeFiles/cmTC_6b84b.dir/CMakeCXXCompilerABI.cpp.o
/home/ralf/devel/toolchain/armv7/x-tools7h/arm-unknown-linux-gnueabihf/bin/arm-unknown-linux-gnueabihf-g++  --sysroot=/home/ralf/devel/toolchain/armv7/device/root-filesystem     -o CMakeFiles/cmTC_6b84b.dir/CMakeCXXCompilerABI.cpp.o -c /usr/share/cmake-3.5/Modules/CMakeCXXCompilerABI.cpp
Linking CXX executable cmTC_6b84b
/usr/bin/cmake -E cmake_link_script CMakeFiles/cmTC_6b84b.dir/link.txt --verbose=1
/home/ralf/devel/toolchain/armv7/x-tools7h/arm-unknown-linux-gnueabihf/bin/arm-unknown-linux-gnueabihf-g++  --sysroot=/home/ralf/devel/toolchain/armv7/device/root-filesystem      -v CMakeFiles/cmTC_6b84b.dir/CMakeCXXCompilerABI.cpp.o  -o cmTC_6b84b  
Using built-in specs.
COLLECT_GCC=/home/ralf/devel/toolchain/armv7/x-tools7h/arm-unknown-linux-gnueabihf/bin/arm-unknown-linux-gnueabihf-g++
COLLECT_LTO_WRAPPER=/home/ralf/devel/toolchain/armv7/x-tools7h/arm-unknown-linux-gnueabihf/bin/../libexec/gcc/arm-unknown-linux-gnueabihf/6.1.1/lto-wrapper
Target: arm-unknown-linux-gnueabihf
Configured with: /home/leming/cross/bin/.build/src/gcc-6.1.1/configure --build=x86_64-build_pc-linux-gnu --host=x86_64-build_pc-linux-gnu --target=arm-unknown-linux-gnueabihf --prefix=/home/leming/x-tools7h-new/arm-unknown-linux-gnueabihf --with-sysroot=/home/leming/x-tools7h-new/arm-unknown-linux-gnueabihf/arm-unknown-linux-gnueabihf/sysroot --enable-languages=c,c++,fortran --with-arch=armv7-a --with-fpu=vfpv3-d16 --with-float=hard --with-pkgversion='crosstool-NG crosstool-ng-1.22.0-21-g2d3c70d' --disable-sjlj-exceptions --enable-__cxa_atexit --disable-libmudflap --enable-libgomp --disable-libssp --enable-libquadmath --enable-libquadmath-support --disable-libsanitizer --with-gmp=/home/leming/cross/bin/.build/arm-unknown-linux-gnueabihf/buildtools --with-mpfr=/home/leming/cross/bin/.build/arm-unknown-linux-gnueabihf/buildtools --with-mpc=/home/leming/cross/bin/.build/arm-unknown-linux-gnueabihf/buildtools --with-isl=/home/leming/cross/bin/.build/arm-unknown-linux-gnueabihf/buildtools --enable-lto --enable-threads=posix --enable-target-optspace --with-linker-hash-style=gnu --disable-nls --disable-multilib --with-local-prefix=/home/leming/x-tools7h-new/arm-unknown-linux-gnueabihf/arm-unknown-linux-gnueabihf/sysroot --enable-long-long --with-arch=armv7-a --with-float=hard --with-fpu=vfpv3-d16
Thread model: posix
gcc version 6.1.1 20160602 (crosstool-NG crosstool-ng-1.22.0-21-g2d3c70d) 
COMPILER_PATH=/home/ralf/devel/toolchain/armv7/x-tools7h/arm-unknown-linux-gnueabihf/bin/../libexec/gcc/arm-unknown-linux-gnueabihf/6.1.1/:/home/ralf/devel/toolchain/armv7/x-tools7h/arm-unknown-linux-gnueabihf/bin/../libexec/gcc/:/home/ralf/devel/toolchain/armv7/x-tools7h/arm-unknown-linux-gnueabihf/bin/../lib/gcc/arm-unknown-linux-gnueabihf/6.1.1/../../../../arm-unknown-linux-gnueabihf/bin/
LIBRARY_PATH=/home/ralf/devel/toolchain/armv7/x-tools7h/arm-unknown-linux-gnueabihf/bin/../lib/gcc/arm-unknown-linux-gnueabihf/6.1.1/:/home/ralf/devel/toolchain/armv7/x-tools7h/arm-unknown-linux-gnueabihf/bin/../lib/gcc/:/home/ralf/devel/toolchain/armv7/x-tools7h/arm-unknown-linux-gnueabihf/bin/../lib/gcc/arm-unknown-linux-gnueabihf/6.1.1/../../../../arm-unknown-linux-gnueabihf/lib/:/home/ralf/devel/toolchain/armv7/device/root-filesystem/lib/:/home/ralf/devel/toolchain/armv7/device/root-filesystem/usr/lib/
COLLECT_GCC_OPTIONS='-v' '-o' 'cmTC_6b84b' '-shared-libgcc' '-march=armv7-a' '-mfloat-abi=hard' '-mfpu=vfpv3-d16' '-mtls-dialect=gnu'
 /home/ralf/devel/toolchain/armv7/x-tools7h/arm-unknown-linux-gnueabihf/bin/../libexec/gcc/arm-unknown-linux-gnueabihf/6.1.1/collect2 -plugin /home/ralf/devel/toolchain/armv7/x-tools7h/arm-unknown-linux-gnueabihf/bin/../libexec/gcc/arm-unknown-linux-gnueabihf/6.1.1/liblto_plugin.so -plugin-opt=/home/ralf/devel/toolchain/armv7/x-tools7h/arm-unknown-linux-gnueabihf/bin/../libexec/gcc/arm-unknown-linux-gnueabihf/6.1.1/lto-wrapper -plugin-opt=-fresolution=/tmp/cclysS1F.res -plugin-opt=-pass-through=-lgcc_s -plugin-opt=-pass-through=-lgcc -plugin-opt=-pass-through=-lc -plugin-opt=-pass-through=-lgcc_s -plugin-opt=-pass-through=-lgcc --sysroot=/home/ralf/devel/toolchain/armv7/device/root-filesystem --eh-frame-hdr --hash-style=gnu -dynamic-linker /lib/ld-linux-armhf.so.3 -X -m armelf_linux_eabi -o cmTC_6b84b /home/ralf/devel/toolchain/armv7/device/root-filesystem/lib/crt1.o /home/ralf/devel/toolchain/armv7/device/root-filesystem/lib/crti.o /home/ralf/devel/toolchain/armv7/x-tools7h/arm-unknown-linux-gnueabihf/bin/../lib/gcc/arm-unknown-linux-gnueabihf/6.1.1/crtbegin.o -L/home/ralf/devel/toolchain/armv7/x-tools7h/arm-unknown-linux-gnueabihf/bin/../lib/gcc/arm-unknown-linux-gnueabihf/6.1.1 -L/home/ralf/devel/toolchain/armv7/x-tools7h/arm-unknown-linux-gnueabihf/bin/../lib/gcc -L/home/ralf/devel/toolchain/armv7/x-tools7h/arm-unknown-linux-gnueabihf/bin/../lib/gcc/arm-unknown-linux-gnueabihf/6.1.1/../../../../arm-unknown-linux-gnueabihf/lib -L/home/ralf/devel/toolchain/armv7/device/root-filesystem/lib -L/home/ralf/devel/toolchain/armv7/device/root-filesystem/usr/lib CMakeFiles/cmTC_6b84b.dir/CMakeCXXCompilerABI.cpp.o -lstdc++ -lm -lgcc_s -lgcc -lc -lgcc_s -lgcc /home/ralf/devel/toolchain/armv7/x-tools7h/arm-unknown-linux-gnueabihf/bin/../lib/gcc/arm-unknown-linux-gnueabihf/6.1.1/crtend.o /home/ralf/devel/toolchain/armv7/device/root-filesystem/lib/crtn.o
COLLECT_GCC_OPTIONS='-v' '-o' 'cmTC_6b84b' '-shared-libgcc' '-march=armv7-a' '-mfloat-abi=hard' '-mfpu=vfpv3-d16' '-mtls-dialect=gnu'
make[1]: Verzeichnis „/home/ralf/devel/makelight/arm/b/CMakeFiles/CMakeTmp“ wird verlassen


Parsed CXX implicit link information from above output:
  link line regex: [^( *|.*[/\])(arm-unknown-linux-gnueabihf-ld|([^/\]+-)?ld|collect2)[^/\]*( |$)]
  ignore line: [Change Dir: /home/ralf/devel/makelight/arm/b/CMakeFiles/CMakeTmp]
  ignore line: []
  ignore line: [Run Build Command:"/usr/bin/make" "cmTC_6b84b/fast"]
  ignore line: [/usr/bin/make -f CMakeFiles/cmTC_6b84b.dir/build.make CMakeFiles/cmTC_6b84b.dir/build]
  ignore line: [make[1]: Verzeichnis „/home/ralf/devel/makelight/arm/b/CMakeFiles/CMakeTmp“ wird betreten]
  ignore line: [Building CXX object CMakeFiles/cmTC_6b84b.dir/CMakeCXXCompilerABI.cpp.o]
  ignore line: [/home/ralf/devel/toolchain/armv7/x-tools7h/arm-unknown-linux-gnueabihf/bin/arm-unknown-linux-gnueabihf-g++  --sysroot=/home/ralf/devel/toolchain/armv7/device/root-filesystem     -o CMakeFiles/cmTC_6b84b.dir/CMakeCXXCompilerABI.cpp.o -c /usr/share/cmake-3.5/Modules/CMakeCXXCompilerABI.cpp]
  ignore line: [Linking CXX executable cmTC_6b84b]
  ignore line: [/usr/bin/cmake -E cmake_link_script CMakeFiles/cmTC_6b84b.dir/link.txt --verbose=1]
  ignore line: [/home/ralf/devel/toolchain/armv7/x-tools7h/arm-unknown-linux-gnueabihf/bin/arm-unknown-linux-gnueabihf-g++  --sysroot=/home/ralf/devel/toolchain/armv7/device/root-filesystem      -v CMakeFiles/cmTC_6b84b.dir/CMakeCXXCompilerABI.cpp.o  -o cmTC_6b84b  ]
  ignore line: [Using built-in specs.]
  ignore line: [COLLECT_GCC=/home/ralf/devel/toolchain/armv7/x-tools7h/arm-unknown-linux-gnueabihf/bin/arm-unknown-linux-gnueabihf-g++]
  ignore line: [COLLECT_LTO_WRAPPER=/home/ralf/devel/toolchain/armv7/x-tools7h/arm-unknown-linux-gnueabihf/bin/../libexec/gcc/arm-unknown-linux-gnueabihf/6.1.1/lto-wrapper]
  ignore line: [Target: arm-unknown-linux-gnueabihf]
  ignore line: [Configured with: /home/leming/cross/bin/.build/src/gcc-6.1.1/configure --build=x86_64-build_pc-linux-gnu --host=x86_64-build_pc-linux-gnu --target=arm-unknown-linux-gnueabihf --prefix=/home/leming/x-tools7h-new/arm-unknown-linux-gnueabihf --with-sysroot=/home/leming/x-tools7h-new/arm-unknown-linux-gnueabihf/arm-unknown-linux-gnueabihf/sysroot --enable-languages=c,c++,fortran --with-arch=armv7-a --with-fpu=vfpv3-d16 --with-float=hard --with-pkgversion='crosstool-NG crosstool-ng-1.22.0-21-g2d3c70d' --disable-sjlj-exceptions --enable-__cxa_atexit --disable-libmudflap --enable-libgomp --disable-libssp --enable-libquadmath --enable-libquadmath-support --disable-libsanitizer --with-gmp=/home/leming/cross/bin/.build/arm-unknown-linux-gnueabihf/buildtools --with-mpfr=/home/leming/cross/bin/.build/arm-unknown-linux-gnueabihf/buildtools --with-mpc=/home/leming/cross/bin/.build/arm-unknown-linux-gnueabihf/buildtools --with-isl=/home/leming/cross/bin/.build/arm-unknown-linux-gnueabihf/buildtools --enable-lto --enable-threads=posix --enable-target-optspace --with-linker-hash-style=gnu --disable-nls --disable-multilib --with-local-prefix=/home/leming/x-tools7h-new/arm-unknown-linux-gnueabihf/arm-unknown-linux-gnueabihf/sysroot --enable-long-long --with-arch=armv7-a --with-float=hard --with-fpu=vfpv3-d16]
  ignore line: [Thread model: posix]
  ignore line: [gcc version 6.1.1 20160602 (crosstool-NG crosstool-ng-1.22.0-21-g2d3c70d) ]
  ignore line: [COMPILER_PATH=/home/ralf/devel/toolchain/armv7/x-tools7h/arm-unknown-linux-gnueabihf/bin/../libexec/gcc/arm-unknown-linux-gnueabihf/6.1.1/:/home/ralf/devel/toolchain/armv7/x-tools7h/arm-unknown-linux-gnueabihf/bin/../libexec/gcc/:/home/ralf/devel/toolchain/armv7/x-tools7h/arm-unknown-linux-gnueabihf/bin/../lib/gcc/arm-unknown-linux-gnueabihf/6.1.1/../../../../arm-unknown-linux-gnueabihf/bin/]
  ignore line: [LIBRARY_PATH=/home/ralf/devel/toolchain/armv7/x-tools7h/arm-unknown-linux-gnueabihf/bin/../lib/gcc/arm-unknown-linux-gnueabihf/6.1.1/:/home/ralf/devel/toolchain/armv7/x-tools7h/arm-unknown-linux-gnueabihf/bin/../lib/gcc/:/home/ralf/devel/toolchain/armv7/x-tools7h/arm-unknown-linux-gnueabihf/bin/../lib/gcc/arm-unknown-linux-gnueabihf/6.1.1/../../../../arm-unknown-linux-gnueabihf/lib/:/home/ralf/devel/toolchain/armv7/device/root-filesystem/lib/:/home/ralf/devel/toolchain/armv7/device/root-filesystem/usr/lib/]
  ignore line: [COLLECT_GCC_OPTIONS='-v' '-o' 'cmTC_6b84b' '-shared-libgcc' '-march=armv7-a' '-mfloat-abi=hard' '-mfpu=vfpv3-d16' '-mtls-dialect=gnu']
  link line: [ /home/ralf/devel/toolchain/armv7/x-tools7h/arm-unknown-linux-gnueabihf/bin/../libexec/gcc/arm-unknown-linux-gnueabihf/6.1.1/collect2 -plugin /home/ralf/devel/toolchain/armv7/x-tools7h/arm-unknown-linux-gnueabihf/bin/../libexec/gcc/arm-unknown-linux-gnueabihf/6.1.1/liblto_plugin.so -plugin-opt=/home/ralf/devel/toolchain/armv7/x-tools7h/arm-unknown-linux-gnueabihf/bin/../libexec/gcc/arm-unknown-linux-gnueabihf/6.1.1/lto-wrapper -plugin-opt=-fresolution=/tmp/cclysS1F.res -plugin-opt=-pass-through=-lgcc_s -plugin-opt=-pass-through=-lgcc -plugin-opt=-pass-through=-lc -plugin-opt=-pass-through=-lgcc_s -plugin-opt=-pass-through=-lgcc --sysroot=/home/ralf/devel/toolchain/armv7/device/root-filesystem --eh-frame-hdr --hash-style=gnu -dynamic-linker /lib/ld-linux-armhf.so.3 -X -m armelf_linux_eabi -o cmTC_6b84b /home/ralf/devel/toolchain/armv7/device/root-filesystem/lib/crt1.o /home/ralf/devel/toolchain/armv7/device/root-filesystem/lib/crti.o /home/ralf/devel/toolchain/armv7/x-tools7h/arm-unknown-linux-gnueabihf/bin/../lib/gcc/arm-unknown-linux-gnueabihf/6.1.1/crtbegin.o -L/home/ralf/devel/toolchain/armv7/x-tools7h/arm-unknown-linux-gnueabihf/bin/../lib/gcc/arm-unknown-linux-gnueabihf/6.1.1 -L/home/ralf/devel/toolchain/armv7/x-tools7h/arm-unknown-linux-gnueabihf/bin/../lib/gcc -L/home/ralf/devel/toolchain/armv7/x-tools7h/arm-unknown-linux-gnueabihf/bin/../lib/gcc/arm-unknown-linux-gnueabihf/6.1.1/../../../../arm-unknown-linux-gnueabihf/lib -L/home/ralf/devel/toolchain/armv7/device/root-filesystem/lib -L/home/ralf/devel/toolchain/armv7/device/root-filesystem/usr/lib CMakeFiles/cmTC_6b84b.dir/CMakeCXXCompilerABI.cpp.o -lstdc++ -lm -lgcc_s -lgcc -lc -lgcc_s -lgcc /home/ralf/devel/toolchain/armv7/x-tools7h/arm-unknown-linux-gnueabihf/bin/../lib/gcc/arm-unknown-linux-gnueabihf/6.1.1/crtend.o /home/ralf/devel/toolchain/armv7/device/root-filesystem/lib/crtn.o]
    arg [/home/ralf/devel/toolchain/armv7/x-tools7h/arm-unknown-linux-gnueabihf/bin/../libexec/gcc/arm-unknown-linux-gnueabihf/6.1.1/collect2] ==> ignore
    arg [-plugin] ==> ignore
    arg [/home/ralf/devel/toolchain/armv7/x-tools7h/arm-unknown-linux-gnueabihf/bin/../libexec/gcc/arm-unknown-linux-gnueabihf/6.1.1/liblto_plugin.so] ==> ignore
    arg [-plugin-opt=/home/ralf/devel/toolchain/armv7/x-tools7h/arm-unknown-linux-gnueabihf/bin/../libexec/gcc/arm-unknown-linux-gnueabihf/6.1.1/lto-wrapper] ==> ignore
    arg [-plugin-opt=-fresolution=/tmp/cclysS1F.res] ==> ignore
    arg [-plugin-opt=-pass-through=-lgcc_s] ==> ignore
    arg [-plugin-opt=-pass-through=-lgcc] ==> ignore
    arg [-plugin-opt=-pass-through=-lc] ==> ignore
    arg [-plugin-opt=-pass-through=-lgcc_s] ==> ignore
    arg [-plugin-opt=-pass-through=-lgcc] ==> ignore
    arg [--sysroot=/home/ralf/devel/toolchain/armv7/device/root-filesystem] ==> ignore
    arg [--eh-frame-hdr] ==> ignore
    arg [--hash-style=gnu] ==> ignore
    arg [-dynamic-linker] ==> ignore
    arg [/lib/ld-linux-armhf.so.3] ==> ignore
    arg [-X] ==> ignore
    arg [-m] ==> ignore
    arg [armelf_linux_eabi] ==> ignore
    arg [-o] ==> ignore
    arg [cmTC_6b84b] ==> ignore
    arg [/home/ralf/devel/toolchain/armv7/device/root-filesystem/lib/crt1.o] ==> ignore
    arg [/home/ralf/devel/toolchain/armv7/device/root-filesystem/lib/crti.o] ==> ignore
    arg [/home/ralf/devel/toolchain/armv7/x-tools7h/arm-unknown-linux-gnueabihf/bin/../lib/gcc/arm-unknown-linux-gnueabihf/6.1.1/crtbegin.o] ==> ignore
    arg [-L/home/ralf/devel/toolchain/armv7/x-tools7h/arm-unknown-linux-gnueabihf/bin/../lib/gcc/arm-unknown-linux-gnueabihf/6.1.1] ==> dir [/home/ralf/devel/toolchain/armv7/x-tools7h/arm-unknown-linux-gnueabihf/bin/../lib/gcc/arm-unknown-linux-gnueabihf/6.1.1]
    arg [-L/home/ralf/devel/toolchain/armv7/x-tools7h/arm-unknown-linux-gnueabihf/bin/../lib/gcc] ==> dir [/home/ralf/devel/toolchain/armv7/x-tools7h/arm-unknown-linux-gnueabihf/bin/../lib/gcc]
    arg [-L/home/ralf/devel/toolchain/armv7/x-tools7h/arm-unknown-linux-gnueabihf/bin/../lib/gcc/arm-unknown-linux-gnueabihf/6.1.1/../../../../arm-unknown-linux-gnueabihf/lib] ==> dir [/home/ralf/devel/toolchain/armv7/x-tools7h/arm-unknown-linux-gnueabihf/bin/../lib/gcc/arm-unknown-linux-gnueabihf/6.1.1/../../../../arm-unknown-linux-gnueabihf/lib]
    arg [-L/home/ralf/devel/toolchain/armv7/device/root-filesystem/lib] ==> dir [/home/ralf/devel/toolchain/armv7/device/root-filesystem/lib]
    arg [-L/home/ralf/devel/toolchain/armv7/device/root-filesystem/usr/lib] ==> dir [/home/ralf/devel/toolchain/armv7/device/root-filesystem/usr/lib]
    arg [CMakeFiles/cmTC_6b84b.dir/CMakeCXXCompilerABI.cpp.o] ==> ignore
    arg [-lstdc++] ==> lib [stdc++]
    arg [-lm] ==> lib [m]
    arg [-lgcc_s] ==> lib [gcc_s]
    arg [-lgcc] ==> lib [gcc]
    arg [-lc] ==> lib [c]
    arg [-lgcc_s] ==> lib [gcc_s]
    arg [-lgcc] ==> lib [gcc]
    arg [/home/ralf/devel/toolchain/armv7/x-tools7h/arm-unknown-linux-gnueabihf/bin/../lib/gcc/arm-unknown-linux-gnueabihf/6.1.1/crtend.o] ==> ignore
    arg [/home/ralf/devel/toolchain/armv7/device/root-filesystem/lib/crtn.o] ==> ignore
  remove lib [gcc_s]
  remove lib [gcc]
  remove lib [gcc_s]
  remove lib [gcc]
  collapse library dir [/home/ralf/devel/toolchain/armv7/x-tools7h/arm-unknown-linux-gnueabihf/bin/../lib/gcc/arm-unknown-linux-gnueabihf/6.1.1] ==> [/home/ralf/devel/toolchain/armv7/x-tools7h/arm-unknown-linux-gnueabihf/lib/gcc/arm-unknown-linux-gnueabihf/6.1.1]
  collapse library dir [/home/ralf/devel/toolchain/armv7/x-tools7h/arm-unknown-linux-gnueabihf/bin/../lib/gcc] ==> [/home/ralf/devel/toolchain/armv7/x-tools7h/arm-unknown-linux-gnueabihf/lib/gcc]
  collapse library dir [/home/ralf/devel/toolchain/armv7/x-tools7h/arm-unknown-linux-gnueabihf/bin/../lib/gcc/arm-unknown-linux-gnueabihf/6.1.1/../../../../arm-unknown-linux-gnueabihf/lib] ==> [/home/ralf/devel/toolchain/armv7/x-tools7h/arm-unknown-linux-gnueabihf/arm-unknown-linux-gnueabihf/lib]
  collapse library dir [/home/ralf/devel/toolchain/armv7/device/root-filesystem/lib] ==> [/home/ralf/devel/toolchain/armv7/device/root-filesystem/lib]
  collapse library dir [/home/ralf/devel/toolchain/armv7/device/root-filesystem/usr/lib] ==> [/home/ralf/devel/toolchain/armv7/device/root-filesystem/usr/lib]
  implicit libs: [stdc++;m;c]
  implicit dirs: [/home/ralf/devel/toolchain/armv7/x-tools7h/arm-unknown-linux-gnueabihf/lib/gcc/arm-unknown-linux-gnueabihf/6.1.1;/home/ralf/devel/toolchain/armv7/x-tools7h/arm-unknown-linux-gnueabihf/lib/gcc;/home/ralf/devel/toolchain/armv7/x-tools7h/arm-unknown-linux-gnueabihf/arm-unknown-linux-gnueabihf/lib;/home/ralf/devel/toolchain/armv7/device/root-filesystem/lib;/home/ralf/devel/toolchain/armv7/device/root-filesystem/usr/lib]
  implicit fwks: []




Detecting CXX [-std=c++14] compiler features compiled with the following output:
Change Dir: /home/ralf/devel/makelight/arm/b/CMakeFiles/CMakeTmp

Run Build Command:"/usr/bin/make" "cmTC_30fdb/fast"
/usr/bin/make -f CMakeFiles/cmTC_30fdb.dir/build.make CMakeFiles/cmTC_30fdb.dir/build
make[1]: Verzeichnis „/home/ralf/devel/makelight/arm/b/CMakeFiles/CMakeTmp“ wird betreten
Building CXX object CMakeFiles/cmTC_30fdb.dir/feature_tests.cxx.o
/home/ralf/devel/toolchain/armv7/x-tools7h/arm-unknown-linux-gnueabihf/bin/arm-unknown-linux-gnueabihf-g++  --sysroot=/home/ralf/devel/toolchain/armv7/device/root-filesystem    -std=c++14 -o CMakeFiles/cmTC_30fdb.dir/feature_tests.cxx.o -c /home/ralf/devel/makelight/arm/b/CMakeFiles/feature_tests.cxx
Linking CXX executable cmTC_30fdb
/usr/bin/cmake -E cmake_link_script CMakeFiles/cmTC_30fdb.dir/link.txt --verbose=1
/home/ralf/devel/toolchain/armv7/x-tools7h/arm-unknown-linux-gnueabihf/bin/arm-unknown-linux-gnueabihf-g++  --sysroot=/home/ralf/devel/toolchain/armv7/device/root-filesystem       CMakeFiles/cmTC_30fdb.dir/feature_tests.cxx.o  -o cmTC_30fdb 
make[1]: Verzeichnis „/home/ralf/devel/makelight/arm/b/CMakeFiles/CMakeTmp“ wird verlassen


    Feature record: CXX_FEATURE:1cxx_aggregate_default_initializers
    Feature record: CXX_FEATURE:1cxx_alias_templates
    Feature record: CXX_FEATURE:1cxx_alignas
    Feature record: CXX_FEATURE:1cxx_alignof
    Feature record: CXX_FEATURE:1cxx_attributes
    Feature record: CXX_FEATURE:1cxx_attribute_deprecated
    Feature record: CXX_FEATURE:1cxx_auto_type
    Feature record: CXX_FEATURE:1cxx_binary_literals
    Feature record: CXX_FEATURE:1cxx_constexpr
    Feature record: CXX_FEATURE:1cxx_contextual_conversions
    Feature record: CXX_FEATURE:1cxx_decltype
    Feature record: CXX_FEATURE:1cxx_decltype_auto
    Feature record: CXX_FEATURE:1cxx_decltype_incomplete_return_types
    Feature record: CXX_FEATURE:1cxx_default_function_template_args
    Feature record: CXX_FEATURE:1cxx_defaulted_functions
    Feature record: CXX_FEATURE:1cxx_defaulted_move_initializers
    Feature record: CXX_FEATURE:1cxx_delegating_constructors
    Feature record: CXX_FEATURE:1cxx_deleted_functions
    Feature record: CXX_FEATURE:1cxx_digit_separators
    Feature record: CXX_FEATURE:1cxx_enum_forward_declarations
    Feature record: CXX_FEATURE:1cxx_explicit_conversions
    Feature record: CXX_FEATURE:1cxx_extended_friend_declarations
    Feature record: CXX_FEATURE:1cxx_extern_templates
    Feature record: CXX_FEATURE:1cxx_final
    Feature record: CXX_FEATURE:1cxx_func_identifier
    Feature record: CXX_FEATURE:1cxx_generalized_initializers
    Feature record: CXX_FEATURE:1cxx_generic_lambdas
    Feature record: CXX_FEATURE:1cxx_inheriting_constructors
    Feature record: CXX_FEATURE:1cxx_inline_namespaces
    Feature record: CXX_FEATURE:1cxx_lambdas
    Feature record: CXX_FEATURE:1cxx_lambda_init_captures
    Feature record: CXX_FEATURE:1cxx_local_type_template_args
    Feature record: CXX_FEATURE:1cxx_long_long_type
    Feature record: CXX_FEATURE:1cxx_noexcept
    Feature record: CXX_FEATURE:1cxx_nonstatic_member_init
    Feature record: CXX_FEATURE:1cxx_nullptr
    Feature record: CXX_FEATURE:1cxx_override
    Feature record: CXX_FEATURE:1cxx_range_for
    Feature record: CXX_FEATURE:1cxx_raw_string_literals
    Feature record: CXX_FEATURE:1cxx_reference_qualified_functions
    Feature record: CXX_FEATURE:1cxx_relaxed_constexpr
    Feature record: CXX_FEATURE:1cxx_return_type_deduction
    Feature record: CXX_FEATURE:1cxx_right_angle_brackets
    Feature record: CXX_FEATURE:1cxx_rvalue_references
    Feature record: CXX_FEATURE:1cxx_sizeof_member
    Feature record: CXX_FEATURE:1cxx_static_assert
    Feature record: CXX_FEATURE:1cxx_strong_enums
    Feature record: CXX_FEATURE:1cxx_template_template_parameters
    Feature record: CXX_FEATURE:1cxx_thread_local
    Feature record: CXX_FEATURE:1cxx_trailing_return_types
    Feature record: CXX_FEATURE:1cxx_unicode_literals
    Feature record: CXX_FEATURE:1cxx_uniform_initialization
    Feature record: CXX_FEATURE:1cxx_unrestricted_unions
    Feature record: CXX_FEATURE:1cxx_user_literals
    Feature record: CXX_FEATURE:1cxx_variable_templates
    Feature record: CXX_FEATURE:1cxx_variadic_macros
    Feature record: CXX_FEATURE:1cxx_variadic_templates


Detecting CXX [-std=c++11] compiler features compiled with the following output:
Change Dir: /home/ralf/devel/makelight/arm/b/CMakeFiles/CMakeTmp

Run Build Command:"/usr/bin/make" "cmTC_dfc76/fast"
/usr/bin/make -f CMakeFiles/cmTC_dfc76.dir/build.make CMakeFiles/cmTC_dfc76.dir/build
make[1]: Verzeichnis „/home/ralf/devel/makelight/arm/b/CMakeFiles/CMakeTmp“ wird betreten
Building CXX object CMakeFiles/cmTC_dfc76.dir/feature_tests.cxx.o
/home/ralf/devel/toolchain/armv7/x-tools7h/arm-unknown-linux-gnueabihf/bin/arm-unknown-linux-gnueabihf-g++  --sysroot=/home/ralf/devel/toolchain/armv7/device/root-filesystem    -std=c++11 -o CMakeFiles/cmTC_dfc76.dir/feature_tests.cxx.o -c /home/ralf/devel/makelight/arm/b/CMakeFiles/feature_tests.cxx
Linking CXX executable cmTC_dfc76
/usr/bin/cmake -E cmake_link_script CMakeFiles/cmTC_dfc76.dir/link.txt --verbose=1
/home/ralf/devel/toolchain/armv7/x-tools7h/arm-unknown-linux-gnueabihf/bin/arm-unknown-linux-gnueabihf-g++  --sysroot=/home/ralf/devel/toolchain/armv7/device/root-filesystem       CMakeFiles/cmTC_dfc76.dir/feature_tests.cxx.o  -o cmTC_dfc76 
make[1]: Verzeichnis „/home/ralf/devel/makelight/arm/b/CMakeFiles/CMakeTmp“ wird verlassen


    Feature record: CXX_FEATURE:0cxx_aggregate_default_initializers
    Feature record: CXX_FEATURE:1cxx_alias_templates
    Feature record: CXX_FEATURE:1cxx_alignas
    Feature record: CXX_FEATURE:1cxx_alignof
    Feature record: CXX_FEATURE:1cxx_attributes
    Feature record: CXX_FEATURE:0cxx_attribute_deprecated
    Feature record: CXX_FEATURE:1cxx_auto_type
    Feature record: CXX_FEATURE:0cxx_binary_literals
    Feature record: CXX_FEATURE:1cxx_constexpr
    Feature record: CXX_FEATURE:0cxx_contextual_conversions
    Feature record: CXX_FEATURE:1cxx_decltype
    Feature record: CXX_FEATURE:0cxx_decltype_auto
    Feature record: CXX_FEATURE:1cxx_decltype_incomplete_return_types
    Feature record: CXX_FEATURE:1cxx_default_function_template_args
    Feature record: CXX_FEATURE:1cxx_defaulted_functions
    Feature record: CXX_FEATURE:1cxx_defaulted_move_initializers
    Feature record: CXX_FEATURE:1cxx_delegating_constructors
    Feature record: CXX_FEATURE:1cxx_deleted_functions
    Feature record: CXX_FEATURE:0cxx_digit_separators
    Feature record: CXX_FEATURE:1cxx_enum_forward_declarations
    Feature record: CXX_FEATURE:1cxx_explicit_conversions
    Feature record: CXX_FEATURE:1cxx_extended_friend_declarations
    Feature record: CXX_FEATURE:1cxx_extern_templates
    Feature record: CXX_FEATURE:1cxx_final
    Feature record: CXX_FEATURE:1cxx_func_identifier
    Feature record: CXX_FEATURE:1cxx_generalized_initializers
    Feature record: CXX_FEATURE:0cxx_generic_lambdas
    Feature record: CXX_FEATURE:1cxx_inheriting_constructors
    Feature record: CXX_FEATURE:1cxx_inline_namespaces
    Feature record: CXX_FEATURE:1cxx_lambdas
    Feature record: CXX_FEATURE:0cxx_lambda_init_captures
    Feature record: CXX_FEATURE:1cxx_local_type_template_args
    Feature record: CXX_FEATURE:1cxx_long_long_type
    Feature record: CXX_FEATURE:1cxx_noexcept
    Feature record: CXX_FEATURE:1cxx_nonstatic_member_init
    Feature record: CXX_FEATURE:1cxx_nullptr
    Feature record: CXX_FEATURE:1cxx_override
    Feature record: CXX_FEATURE:1cxx_range_for
    Feature record: CXX_FEATURE:1cxx_raw_string_literals
    Feature record: CXX_FEATURE:1cxx_reference_qualified_functions
    Feature record: CXX_FEATURE:0cxx_relaxed_constexpr
    Feature record: CXX_FEATURE:0cxx_return_type_deduction
    Feature record: CXX_FEATURE:1cxx_right_angle_brackets
    Feature record: CXX_FEATURE:1cxx_rvalue_references
    Feature record: CXX_FEATURE:1cxx_sizeof_member
    Feature record: CXX_FEATURE:1cxx_static_assert
    Feature record: CXX_FEATURE:1cxx_strong_enums
    Feature record: CXX_FEATURE:1cxx_template_template_parameters
    Feature record: CXX_FEATURE:1cxx_thread_local
    Feature record: CXX_FEATURE:1cxx_trailing_return_types
    Feature record: CXX_FEATURE:1cxx_unicode_literals
    Feature record: CXX_FEATURE:1cxx_uniform_initialization
    Feature record: CXX_FEATURE:1cxx_unrestricted_unions
    Feature record: CXX_FEATURE:1cxx_user_literals
    Feature record: CXX_FEATURE:0cxx_variable_templates
    Feature record: CXX_FEATURE:1cxx_variadic_macros
    Feature record: CXX_FEATURE:1cxx_variadic_templates


Detecting CXX [-std=c++98] compiler features compiled with the following output:
Change Dir: /home/ralf/devel/makelight/arm/b/CMakeFiles/CMakeTmp

Run Build Command:"/usr/bin/make" "cmTC_637b6/fast"
/usr/bin/make -f CMakeFiles/cmTC_637b6.dir/build.make CMakeFiles/cmTC_637b6.dir/build
make[1]: Verzeichnis „/home/ralf/devel/makelight/arm/b/CMakeFiles/CMakeTmp“ wird betreten
Building CXX object CMakeFiles/cmTC_637b6.dir/feature_tests.cxx.o
/home/ralf/devel/toolchain/armv7/x-tools7h/arm-unknown-linux-gnueabihf/bin/arm-unknown-linux-gnueabihf-g++  --sysroot=/home/ralf/devel/toolchain/armv7/device/root-filesystem    -std=c++98 -o CMakeFiles/cmTC_637b6.dir/feature_tests.cxx.o -c /home/ralf/devel/makelight/arm/b/CMakeFiles/feature_tests.cxx
Linking CXX executable cmTC_637b6
/usr/bin/cmake -E cmake_link_script CMakeFiles/cmTC_637b6.dir/link.txt --verbose=1
/home/ralf/devel/toolchain/armv7/x-tools7h/arm-unknown-linux-gnueabihf/bin/arm-unknown-linux-gnueabihf-g++  --sysroot=/home/ralf/devel/toolchain/armv7/device/root-filesystem       CMakeFiles/cmTC_637b6.dir/feature_tests.cxx.o  -o cmTC_637b6 
make[1]: Verzeichnis „/home/ralf/devel/makelight/arm/b/CMakeFiles/CMakeTmp“ wird verlassen


    Feature record: CXX_FEATURE:0cxx_aggregate_default_initializers
    Feature record: CXX_FEATURE:0cxx_alias_templates
    Feature record: CXX_FEATURE:0cxx_alignas
    Feature record: CXX_FEATURE:0cxx_alignof
    Feature record: CXX_FEATURE:0cxx_attributes
    Feature record: CXX_FEATURE:0cxx_attribute_deprecated
    Feature record: CXX_FEATURE:0cxx_auto_type
    Feature record: CXX_FEATURE:0cxx_binary_literals
    Feature record: CXX_FEATURE:0cxx_constexpr
    Feature record: CXX_FEATURE:0cxx_contextual_conversions
    Feature record: CXX_FEATURE:0cxx_decltype
    Feature record: CXX_FEATURE:0cxx_decltype_auto
    Feature record: CXX_FEATURE:0cxx_decltype_incomplete_return_types
    Feature record: CXX_FEATURE:0cxx_default_function_template_args
    Feature record: CXX_FEATURE:0cxx_defaulted_functions
    Feature record: CXX_FEATURE:0cxx_defaulted_move_initializers
    Feature record: CXX_FEATURE:0cxx_delegating_constructors
    Feature record: CXX_FEATURE:0cxx_deleted_functions
    Feature record: CXX_FEATURE:0cxx_digit_separators
    Feature record: CXX_FEATURE:0cxx_enum_forward_declarations
    Feature record: CXX_FEATURE:0cxx_explicit_conversions
    Feature record: CXX_FEATURE:0cxx_extended_friend_declarations
    Feature record: CXX_FEATURE:0cxx_extern_templates
    Feature record: CXX_FEATURE:0cxx_final
    Feature record: CXX_FEATURE:0cxx_func_identifier
    Feature record: CXX_FEATURE:0cxx_generalized_initializers
    Feature record: CXX_FEATURE:0cxx_generic_lambdas
    Feature record: CXX_FEATURE:0cxx_inheriting_constructors
    Feature record: CXX_FEATURE:0cxx_inline_namespaces
    Feature record: CXX_FEATURE:0cxx_lambdas
    Feature record: CXX_FEATURE:0cxx_lambda_init_captures
    Feature record: CXX_FEATURE:0cxx_local_type_template_args
    Feature record: CXX_FEATURE:0cxx_long_long_type
    Feature record: CXX_FEATURE:0cxx_noexcept
    Feature record: CXX_FEATURE:0cxx_nonstatic_member_init
    Feature record: CXX_FEATURE:0cxx_nullptr
    Feature record: CXX_FEATURE:0cxx_override
    Feature record: CXX_FEATURE:0cxx_range_for
    Feature record: CXX_FEATURE:0cxx_raw_string_literals
    Feature record: CXX_FEATURE:0cxx_reference_qualified_functions
    Feature record: CXX_FEATURE:0cxx_relaxed_constexpr
    Feature record: CXX_FEATURE:0cxx_return_type_deduction
    Feature record: CXX_FEATURE:0cxx_right_angle_brackets
    Feature record: CXX_FEATURE:0cxx_rvalue_references
    Feature record: CXX_FEATURE:0cxx_sizeof_member
    Feature record: CXX_FEATURE:0cxx_static_assert
    Feature record: CXX_FEATURE:0cxx_strong_enums
    Feature record: CXX_FEATURE:1cxx_template_template_parameters
    Feature record: CXX_FEATURE:0cxx_thread_local
    Feature record: CXX_FEATURE:0cxx_trailing_return_types
    Feature record: CXX_FEATURE:0cxx_unicode_literals
    Feature record: CXX_FEATURE:0cxx_uniform_initialization
    Feature record: CXX_FEATURE:0cxx_unrestricted_unions
    Feature record: CXX_FEATURE:0cxx_user_literals
    Feature record: CXX_FEATURE:0cxx_variable_templates
    Feature record: CXX_FEATURE:0cxx_variadic_macros
    Feature record: CXX_FEATURE:0cxx_variadic_templates
