The target system is: Arduino -  - 
The host system is: Linux - 4.6.3-1-ARCH - x86_64
Compiling the C compiler identification source file "CMakeCCompilerId.c" succeeded.
Compiler: /usr/bin/avr-gcc 
Build flags: 
Id flags: 

The output was:
0


Compilation of the C compiler identification source "CMakeCCompilerId.c" produced "a.out"

The C compiler identification is GNU, found in "/home/ralf/devel/makelight/arduino/build/CMakeFiles/3.5.2/CompilerIdC/a.out"

Compiling the CXX compiler identification source file "CMakeCXXCompilerId.cpp" succeeded.
Compiler: /usr/bin/avr-g++ 
Build flags: 
Id flags: 

The output was:
0


Compilation of the CXX compiler identification source "CMakeCXXCompilerId.cpp" produced "a.out"

The CXX compiler identification is GNU, found in "/home/ralf/devel/makelight/arduino/build/CMakeFiles/3.5.2/CompilerIdCXX/a.out"

Determining if the C compiler works passed with the following output:
Change Dir: /home/ralf/devel/makelight/arduino/build/CMakeFiles/CMakeTmp

Run Build Command:"/usr/bin/make" "cmTC_4cfb4/fast"
/usr/bin/make -f CMakeFiles/cmTC_4cfb4.dir/build.make CMakeFiles/cmTC_4cfb4.dir/build
make[1]: Verzeichnis „/home/ralf/devel/makelight/arduino/build/CMakeFiles/CMakeTmp“ wird betreten
Building C object CMakeFiles/cmTC_4cfb4.dir/testCCompiler.c.obj
/usr/bin/avr-gcc    -g -Os       -mcall-prologues -ffunction-sections -fdata-sections    -o CMakeFiles/cmTC_4cfb4.dir/testCCompiler.c.obj   -c /home/ralf/devel/makelight/arduino/build/CMakeFiles/CMakeTmp/testCCompiler.c
Linking C executable cmTC_4cfb4
/usr/bin/cmake -E cmake_link_script CMakeFiles/cmTC_4cfb4.dir/link.txt --verbose=1
/usr/bin/avr-gcc  -g -Os       -mcall-prologues -ffunction-sections -fdata-sections   -Wl,--gc-sections -lm  CMakeFiles/cmTC_4cfb4.dir/testCCompiler.c.obj  -o cmTC_4cfb4 
make[1]: Verzeichnis „/home/ralf/devel/makelight/arduino/build/CMakeFiles/CMakeTmp“ wird verlassen


Detecting C compiler ABI info compiled with the following output:
Change Dir: /home/ralf/devel/makelight/arduino/build/CMakeFiles/CMakeTmp

Run Build Command:"/usr/bin/make" "cmTC_22b90/fast"
/usr/bin/make -f CMakeFiles/cmTC_22b90.dir/build.make CMakeFiles/cmTC_22b90.dir/build
make[1]: Verzeichnis „/home/ralf/devel/makelight/arduino/build/CMakeFiles/CMakeTmp“ wird betreten
Building C object CMakeFiles/cmTC_22b90.dir/CMakeCCompilerABI.c.obj
/usr/bin/avr-gcc    -g -Os       -mcall-prologues -ffunction-sections -fdata-sections    -o CMakeFiles/cmTC_22b90.dir/CMakeCCompilerABI.c.obj   -c /usr/share/cmake-3.5/Modules/CMakeCCompilerABI.c
Linking C executable cmTC_22b90
/usr/bin/cmake -E cmake_link_script CMakeFiles/cmTC_22b90.dir/link.txt --verbose=1
/usr/bin/avr-gcc  -g -Os       -mcall-prologues -ffunction-sections -fdata-sections   -Wl,--gc-sections -lm -v CMakeFiles/cmTC_22b90.dir/CMakeCCompilerABI.c.obj  -o cmTC_22b90  
Using built-in specs.
Reading specs from /usr/lib/gcc/avr/5.3.0/device-specs/specs-avr2
COLLECT_GCC=/usr/bin/avr-gcc
COLLECT_LTO_WRAPPER=/usr/lib/gcc/avr/5.3.0/lto-wrapper
Target: avr
Configured with: /build/avr-gcc/src/gcc-5-20160223/configure --disable-install-libiberty --disable-libssp --disable-libstdcxx-pch --disable-libunwind-exceptions --disable-linker-build-id --disable-nls --disable-werror --enable-__cxa_atexit --enable-checking=release --enable-clocale=gnu --enable-gnu-unique-object --enable-gold --enable-languages=c,c++ --enable-ld=default --enable-lto --enable-plugin --enable-shared --infodir=/usr/share/info --libdir=/usr/lib --libexecdir=/usr/lib --mandir=/usr/share/man --prefix=/usr --target=avr --with-as=/usr/bin/avr-as --with-gnu-as --with-gnu-ld --with-ld=/usr/bin/avr-ld --with-plugin-ld=ld.gold --with-system-zlib --with-isl --enable-gnu-indirect-function
Thread model: single
gcc version 5.3.0 (GCC) 
COMPILER_PATH=/usr/lib/gcc/avr/5.3.0/:/usr/lib/gcc/avr/5.3.0/:/usr/lib/gcc/avr/:/usr/lib/gcc/avr/5.3.0/:/usr/lib/gcc/avr/
LIBRARY_PATH=/usr/lib/gcc/avr/5.3.0/:/usr/lib/gcc/avr/5.3.0/../../../../avr/lib/
COLLECT_GCC_OPTIONS='-g' '-Os' '-mcall-prologues' '-ffunction-sections' '-fdata-sections' '-v' '-o' 'cmTC_22b90' '-specs=device-specs/specs-avr2'
 /usr/lib/gcc/avr/5.3.0/collect2 -plugin /usr/lib/gcc/avr/5.3.0/liblto_plugin.so -plugin-opt=/usr/lib/gcc/avr/5.3.0/lto-wrapper -plugin-opt=-fresolution=/tmp/cciqPJV7.res -plugin-opt=-pass-through=-lgcc -plugin-opt=-pass-through=-lm -plugin-opt=-pass-through=-lc -o cmTC_22b90 -L/usr/lib/gcc/avr/5.3.0 -L/usr/lib/gcc/avr/5.3.0/../../../../avr/lib --gc-sections -lm CMakeFiles/cmTC_22b90.dir/CMakeCCompilerABI.c.obj --start-group -lgcc -lm -lc --end-group
make[1]: Verzeichnis „/home/ralf/devel/makelight/arduino/build/CMakeFiles/CMakeTmp“ wird verlassen


Parsed C implicit link information from above output:
  link line regex: [^( *|.*[/\])(avr-ld|([^/\]+-)?ld|collect2)[^/\]*( |$)]
  ignore line: [Change Dir: /home/ralf/devel/makelight/arduino/build/CMakeFiles/CMakeTmp]
  ignore line: []
  ignore line: [Run Build Command:"/usr/bin/make" "cmTC_22b90/fast"]
  ignore line: [/usr/bin/make -f CMakeFiles/cmTC_22b90.dir/build.make CMakeFiles/cmTC_22b90.dir/build]
  ignore line: [make[1]: Verzeichnis „/home/ralf/devel/makelight/arduino/build/CMakeFiles/CMakeTmp“ wird betreten]
  ignore line: [Building C object CMakeFiles/cmTC_22b90.dir/CMakeCCompilerABI.c.obj]
  ignore line: [/usr/bin/avr-gcc    -g -Os       -mcall-prologues -ffunction-sections -fdata-sections    -o CMakeFiles/cmTC_22b90.dir/CMakeCCompilerABI.c.obj   -c /usr/share/cmake-3.5/Modules/CMakeCCompilerABI.c]
  ignore line: [Linking C executable cmTC_22b90]
  ignore line: [/usr/bin/cmake -E cmake_link_script CMakeFiles/cmTC_22b90.dir/link.txt --verbose=1]
  ignore line: [/usr/bin/avr-gcc  -g -Os       -mcall-prologues -ffunction-sections -fdata-sections   -Wl,--gc-sections -lm -v CMakeFiles/cmTC_22b90.dir/CMakeCCompilerABI.c.obj  -o cmTC_22b90  ]
  ignore line: [Using built-in specs.]
  ignore line: [Reading specs from /usr/lib/gcc/avr/5.3.0/device-specs/specs-avr2]
  ignore line: [COLLECT_GCC=/usr/bin/avr-gcc]
  ignore line: [COLLECT_LTO_WRAPPER=/usr/lib/gcc/avr/5.3.0/lto-wrapper]
  ignore line: [Target: avr]
  ignore line: [Configured with: /build/avr-gcc/src/gcc-5-20160223/configure --disable-install-libiberty --disable-libssp --disable-libstdcxx-pch --disable-libunwind-exceptions --disable-linker-build-id --disable-nls --disable-werror --enable-__cxa_atexit --enable-checking=release --enable-clocale=gnu --enable-gnu-unique-object --enable-gold --enable-languages=c,c++ --enable-ld=default --enable-lto --enable-plugin --enable-shared --infodir=/usr/share/info --libdir=/usr/lib --libexecdir=/usr/lib --mandir=/usr/share/man --prefix=/usr --target=avr --with-as=/usr/bin/avr-as --with-gnu-as --with-gnu-ld --with-ld=/usr/bin/avr-ld --with-plugin-ld=ld.gold --with-system-zlib --with-isl --enable-gnu-indirect-function]
  ignore line: [Thread model: single]
  ignore line: [gcc version 5.3.0 (GCC) ]
  ignore line: [COMPILER_PATH=/usr/lib/gcc/avr/5.3.0/:/usr/lib/gcc/avr/5.3.0/:/usr/lib/gcc/avr/:/usr/lib/gcc/avr/5.3.0/:/usr/lib/gcc/avr/]
  ignore line: [LIBRARY_PATH=/usr/lib/gcc/avr/5.3.0/:/usr/lib/gcc/avr/5.3.0/../../../../avr/lib/]
  ignore line: [COLLECT_GCC_OPTIONS='-g' '-Os' '-mcall-prologues' '-ffunction-sections' '-fdata-sections' '-v' '-o' 'cmTC_22b90' '-specs=device-specs/specs-avr2']
  link line: [ /usr/lib/gcc/avr/5.3.0/collect2 -plugin /usr/lib/gcc/avr/5.3.0/liblto_plugin.so -plugin-opt=/usr/lib/gcc/avr/5.3.0/lto-wrapper -plugin-opt=-fresolution=/tmp/cciqPJV7.res -plugin-opt=-pass-through=-lgcc -plugin-opt=-pass-through=-lm -plugin-opt=-pass-through=-lc -o cmTC_22b90 -L/usr/lib/gcc/avr/5.3.0 -L/usr/lib/gcc/avr/5.3.0/../../../../avr/lib --gc-sections -lm CMakeFiles/cmTC_22b90.dir/CMakeCCompilerABI.c.obj --start-group -lgcc -lm -lc --end-group]
    arg [/usr/lib/gcc/avr/5.3.0/collect2] ==> ignore
    arg [-plugin] ==> ignore
    arg [/usr/lib/gcc/avr/5.3.0/liblto_plugin.so] ==> ignore
    arg [-plugin-opt=/usr/lib/gcc/avr/5.3.0/lto-wrapper] ==> ignore
    arg [-plugin-opt=-fresolution=/tmp/cciqPJV7.res] ==> ignore
    arg [-plugin-opt=-pass-through=-lgcc] ==> ignore
    arg [-plugin-opt=-pass-through=-lm] ==> ignore
    arg [-plugin-opt=-pass-through=-lc] ==> ignore
    arg [-o] ==> ignore
    arg [cmTC_22b90] ==> ignore
    arg [-L/usr/lib/gcc/avr/5.3.0] ==> dir [/usr/lib/gcc/avr/5.3.0]
    arg [-L/usr/lib/gcc/avr/5.3.0/../../../../avr/lib] ==> dir [/usr/lib/gcc/avr/5.3.0/../../../../avr/lib]
    arg [--gc-sections] ==> ignore
    arg [-lm] ==> lib [m]
    arg [CMakeFiles/cmTC_22b90.dir/CMakeCCompilerABI.c.obj] ==> ignore
    arg [--start-group] ==> ignore
    arg [-lgcc] ==> lib [gcc]
    arg [-lm] ==> lib [m]
    arg [-lc] ==> lib [c]
    arg [--end-group] ==> ignore
  remove lib [gcc]
  collapse library dir [/usr/lib/gcc/avr/5.3.0] ==> [/usr/lib/gcc/avr/5.3.0]
  collapse library dir [/usr/lib/gcc/avr/5.3.0/../../../../avr/lib] ==> [/usr/avr/lib]
  implicit libs: [m;m;c]
  implicit dirs: [/usr/lib/gcc/avr/5.3.0;/usr/avr/lib]
  implicit fwks: []




Detecting C [-std=c11] compiler features compiled with the following output:
Change Dir: /home/ralf/devel/makelight/arduino/build/CMakeFiles/CMakeTmp

Run Build Command:"/usr/bin/make" "cmTC_53944/fast"
/usr/bin/make -f CMakeFiles/cmTC_53944.dir/build.make CMakeFiles/cmTC_53944.dir/build
make[1]: Verzeichnis „/home/ralf/devel/makelight/arduino/build/CMakeFiles/CMakeTmp“ wird betreten
Building C object CMakeFiles/cmTC_53944.dir/feature_tests.c.obj
/usr/bin/avr-gcc    -g -Os       -mcall-prologues -ffunction-sections -fdata-sections    -std=c11 -o CMakeFiles/cmTC_53944.dir/feature_tests.c.obj   -c /home/ralf/devel/makelight/arduino/build/CMakeFiles/feature_tests.c
Linking C executable cmTC_53944
/usr/bin/cmake -E cmake_link_script CMakeFiles/cmTC_53944.dir/link.txt --verbose=1
/usr/bin/avr-gcc  -g -Os       -mcall-prologues -ffunction-sections -fdata-sections   -Wl,--gc-sections -lm  CMakeFiles/cmTC_53944.dir/feature_tests.c.obj  -o cmTC_53944 
make[1]: Verzeichnis „/home/ralf/devel/makelight/arduino/build/CMakeFiles/CMakeTmp“ wird verlassen




Detecting C [-std=c99] compiler features compiled with the following output:
Change Dir: /home/ralf/devel/makelight/arduino/build/CMakeFiles/CMakeTmp

Run Build Command:"/usr/bin/make" "cmTC_81ea9/fast"
/usr/bin/make -f CMakeFiles/cmTC_81ea9.dir/build.make CMakeFiles/cmTC_81ea9.dir/build
make[1]: Verzeichnis „/home/ralf/devel/makelight/arduino/build/CMakeFiles/CMakeTmp“ wird betreten
Building C object CMakeFiles/cmTC_81ea9.dir/feature_tests.c.obj
/usr/bin/avr-gcc    -g -Os       -mcall-prologues -ffunction-sections -fdata-sections    -std=c99 -o CMakeFiles/cmTC_81ea9.dir/feature_tests.c.obj   -c /home/ralf/devel/makelight/arduino/build/CMakeFiles/feature_tests.c
Linking C executable cmTC_81ea9
/usr/bin/cmake -E cmake_link_script CMakeFiles/cmTC_81ea9.dir/link.txt --verbose=1
/usr/bin/avr-gcc  -g -Os       -mcall-prologues -ffunction-sections -fdata-sections   -Wl,--gc-sections -lm  CMakeFiles/cmTC_81ea9.dir/feature_tests.c.obj  -o cmTC_81ea9 
make[1]: Verzeichnis „/home/ralf/devel/makelight/arduino/build/CMakeFiles/CMakeTmp“ wird verlassen




Detecting C [-std=c90] compiler features compiled with the following output:
Change Dir: /home/ralf/devel/makelight/arduino/build/CMakeFiles/CMakeTmp

Run Build Command:"/usr/bin/make" "cmTC_b3059/fast"
/usr/bin/make -f CMakeFiles/cmTC_b3059.dir/build.make CMakeFiles/cmTC_b3059.dir/build
make[1]: Verzeichnis „/home/ralf/devel/makelight/arduino/build/CMakeFiles/CMakeTmp“ wird betreten
Building C object CMakeFiles/cmTC_b3059.dir/feature_tests.c.obj
/usr/bin/avr-gcc    -g -Os       -mcall-prologues -ffunction-sections -fdata-sections    -std=c90 -o CMakeFiles/cmTC_b3059.dir/feature_tests.c.obj   -c /home/ralf/devel/makelight/arduino/build/CMakeFiles/feature_tests.c
Linking C executable cmTC_b3059
/usr/bin/cmake -E cmake_link_script CMakeFiles/cmTC_b3059.dir/link.txt --verbose=1
/usr/bin/avr-gcc  -g -Os       -mcall-prologues -ffunction-sections -fdata-sections   -Wl,--gc-sections -lm  CMakeFiles/cmTC_b3059.dir/feature_tests.c.obj  -o cmTC_b3059 
make[1]: Verzeichnis „/home/ralf/devel/makelight/arduino/build/CMakeFiles/CMakeTmp“ wird verlassen


Determining if the CXX compiler works passed with the following output:
Change Dir: /home/ralf/devel/makelight/arduino/build/CMakeFiles/CMakeTmp

Run Build Command:"/usr/bin/make" "cmTC_a3ddb/fast"
/usr/bin/make -f CMakeFiles/cmTC_a3ddb.dir/build.make CMakeFiles/cmTC_a3ddb.dir/build
make[1]: Verzeichnis „/home/ralf/devel/makelight/arduino/build/CMakeFiles/CMakeTmp“ wird betreten
Building CXX object CMakeFiles/cmTC_a3ddb.dir/testCXXCompiler.cxx.obj
/usr/bin/avr-g++     -g -Os       -mcall-prologues -ffunction-sections -fdata-sections -fno-exceptions    -o CMakeFiles/cmTC_a3ddb.dir/testCXXCompiler.cxx.obj -c /home/ralf/devel/makelight/arduino/build/CMakeFiles/CMakeTmp/testCXXCompiler.cxx
Linking CXX executable cmTC_a3ddb
/usr/bin/cmake -E cmake_link_script CMakeFiles/cmTC_a3ddb.dir/link.txt --verbose=1
/usr/bin/avr-g++   -g -Os       -mcall-prologues -ffunction-sections -fdata-sections -fno-exceptions   -Wl,--gc-sections -lm  CMakeFiles/cmTC_a3ddb.dir/testCXXCompiler.cxx.obj  -o cmTC_a3ddb 
make[1]: Verzeichnis „/home/ralf/devel/makelight/arduino/build/CMakeFiles/CMakeTmp“ wird verlassen


Detecting CXX compiler ABI info compiled with the following output:
Change Dir: /home/ralf/devel/makelight/arduino/build/CMakeFiles/CMakeTmp

Run Build Command:"/usr/bin/make" "cmTC_a74e5/fast"
/usr/bin/make -f CMakeFiles/cmTC_a74e5.dir/build.make CMakeFiles/cmTC_a74e5.dir/build
make[1]: Verzeichnis „/home/ralf/devel/makelight/arduino/build/CMakeFiles/CMakeTmp“ wird betreten
Building CXX object CMakeFiles/cmTC_a74e5.dir/CMakeCXXCompilerABI.cpp.obj
/usr/bin/avr-g++     -g -Os       -mcall-prologues -ffunction-sections -fdata-sections -fno-exceptions    -o CMakeFiles/cmTC_a74e5.dir/CMakeCXXCompilerABI.cpp.obj -c /usr/share/cmake-3.5/Modules/CMakeCXXCompilerABI.cpp
Linking CXX executable cmTC_a74e5
/usr/bin/cmake -E cmake_link_script CMakeFiles/cmTC_a74e5.dir/link.txt --verbose=1
/usr/bin/avr-g++   -g -Os       -mcall-prologues -ffunction-sections -fdata-sections -fno-exceptions   -Wl,--gc-sections -lm -v CMakeFiles/cmTC_a74e5.dir/CMakeCXXCompilerABI.cpp.obj  -o cmTC_a74e5  
Using built-in specs.
Reading specs from /usr/lib/gcc/avr/5.3.0/device-specs/specs-avr2
COLLECT_GCC=/usr/bin/avr-g++
COLLECT_LTO_WRAPPER=/usr/lib/gcc/avr/5.3.0/lto-wrapper
Target: avr
Configured with: /build/avr-gcc/src/gcc-5-20160223/configure --disable-install-libiberty --disable-libssp --disable-libstdcxx-pch --disable-libunwind-exceptions --disable-linker-build-id --disable-nls --disable-werror --enable-__cxa_atexit --enable-checking=release --enable-clocale=gnu --enable-gnu-unique-object --enable-gold --enable-languages=c,c++ --enable-ld=default --enable-lto --enable-plugin --enable-shared --infodir=/usr/share/info --libdir=/usr/lib --libexecdir=/usr/lib --mandir=/usr/share/man --prefix=/usr --target=avr --with-as=/usr/bin/avr-as --with-gnu-as --with-gnu-ld --with-ld=/usr/bin/avr-ld --with-plugin-ld=ld.gold --with-system-zlib --with-isl --enable-gnu-indirect-function
Thread model: single
gcc version 5.3.0 (GCC) 
COMPILER_PATH=/usr/lib/gcc/avr/5.3.0/:/usr/lib/gcc/avr/5.3.0/:/usr/lib/gcc/avr/:/usr/lib/gcc/avr/5.3.0/:/usr/lib/gcc/avr/
LIBRARY_PATH=/usr/lib/gcc/avr/5.3.0/:/usr/lib/gcc/avr/5.3.0/../../../../avr/lib/
COLLECT_GCC_OPTIONS='-g' '-Os' '-mcall-prologues' '-ffunction-sections' '-fdata-sections' '-fno-exceptions' '-v' '-o' 'cmTC_a74e5' '-specs=device-specs/specs-avr2'
 /usr/lib/gcc/avr/5.3.0/collect2 -plugin /usr/lib/gcc/avr/5.3.0/liblto_plugin.so -plugin-opt=/usr/lib/gcc/avr/5.3.0/lto-wrapper -plugin-opt=-fresolution=/tmp/ccNvCN2q.res -plugin-opt=-pass-through=-lgcc -plugin-opt=-pass-through=-lm -plugin-opt=-pass-through=-lc -o cmTC_a74e5 -L/usr/lib/gcc/avr/5.3.0 -L/usr/lib/gcc/avr/5.3.0/../../../../avr/lib --gc-sections CMakeFiles/cmTC_a74e5.dir/CMakeCXXCompilerABI.cpp.obj -lgcc -lm --start-group -lgcc -lm -lc --end-group
make[1]: Verzeichnis „/home/ralf/devel/makelight/arduino/build/CMakeFiles/CMakeTmp“ wird verlassen


Parsed CXX implicit link information from above output:
  link line regex: [^( *|.*[/\])(avr-ld|([^/\]+-)?ld|collect2)[^/\]*( |$)]
  ignore line: [Change Dir: /home/ralf/devel/makelight/arduino/build/CMakeFiles/CMakeTmp]
  ignore line: []
  ignore line: [Run Build Command:"/usr/bin/make" "cmTC_a74e5/fast"]
  ignore line: [/usr/bin/make -f CMakeFiles/cmTC_a74e5.dir/build.make CMakeFiles/cmTC_a74e5.dir/build]
  ignore line: [make[1]: Verzeichnis „/home/ralf/devel/makelight/arduino/build/CMakeFiles/CMakeTmp“ wird betreten]
  ignore line: [Building CXX object CMakeFiles/cmTC_a74e5.dir/CMakeCXXCompilerABI.cpp.obj]
  ignore line: [/usr/bin/avr-g++     -g -Os       -mcall-prologues -ffunction-sections -fdata-sections -fno-exceptions    -o CMakeFiles/cmTC_a74e5.dir/CMakeCXXCompilerABI.cpp.obj -c /usr/share/cmake-3.5/Modules/CMakeCXXCompilerABI.cpp]
  ignore line: [Linking CXX executable cmTC_a74e5]
  ignore line: [/usr/bin/cmake -E cmake_link_script CMakeFiles/cmTC_a74e5.dir/link.txt --verbose=1]
  ignore line: [/usr/bin/avr-g++   -g -Os       -mcall-prologues -ffunction-sections -fdata-sections -fno-exceptions   -Wl,--gc-sections -lm -v CMakeFiles/cmTC_a74e5.dir/CMakeCXXCompilerABI.cpp.obj  -o cmTC_a74e5  ]
  ignore line: [Using built-in specs.]
  ignore line: [Reading specs from /usr/lib/gcc/avr/5.3.0/device-specs/specs-avr2]
  ignore line: [COLLECT_GCC=/usr/bin/avr-g++]
  ignore line: [COLLECT_LTO_WRAPPER=/usr/lib/gcc/avr/5.3.0/lto-wrapper]
  ignore line: [Target: avr]
  ignore line: [Configured with: /build/avr-gcc/src/gcc-5-20160223/configure --disable-install-libiberty --disable-libssp --disable-libstdcxx-pch --disable-libunwind-exceptions --disable-linker-build-id --disable-nls --disable-werror --enable-__cxa_atexit --enable-checking=release --enable-clocale=gnu --enable-gnu-unique-object --enable-gold --enable-languages=c,c++ --enable-ld=default --enable-lto --enable-plugin --enable-shared --infodir=/usr/share/info --libdir=/usr/lib --libexecdir=/usr/lib --mandir=/usr/share/man --prefix=/usr --target=avr --with-as=/usr/bin/avr-as --with-gnu-as --with-gnu-ld --with-ld=/usr/bin/avr-ld --with-plugin-ld=ld.gold --with-system-zlib --with-isl --enable-gnu-indirect-function]
  ignore line: [Thread model: single]
  ignore line: [gcc version 5.3.0 (GCC) ]
  ignore line: [COMPILER_PATH=/usr/lib/gcc/avr/5.3.0/:/usr/lib/gcc/avr/5.3.0/:/usr/lib/gcc/avr/:/usr/lib/gcc/avr/5.3.0/:/usr/lib/gcc/avr/]
  ignore line: [LIBRARY_PATH=/usr/lib/gcc/avr/5.3.0/:/usr/lib/gcc/avr/5.3.0/../../../../avr/lib/]
  ignore line: [COLLECT_GCC_OPTIONS='-g' '-Os' '-mcall-prologues' '-ffunction-sections' '-fdata-sections' '-fno-exceptions' '-v' '-o' 'cmTC_a74e5' '-specs=device-specs/specs-avr2']
  link line: [ /usr/lib/gcc/avr/5.3.0/collect2 -plugin /usr/lib/gcc/avr/5.3.0/liblto_plugin.so -plugin-opt=/usr/lib/gcc/avr/5.3.0/lto-wrapper -plugin-opt=-fresolution=/tmp/ccNvCN2q.res -plugin-opt=-pass-through=-lgcc -plugin-opt=-pass-through=-lm -plugin-opt=-pass-through=-lc -o cmTC_a74e5 -L/usr/lib/gcc/avr/5.3.0 -L/usr/lib/gcc/avr/5.3.0/../../../../avr/lib --gc-sections CMakeFiles/cmTC_a74e5.dir/CMakeCXXCompilerABI.cpp.obj -lgcc -lm --start-group -lgcc -lm -lc --end-group]
    arg [/usr/lib/gcc/avr/5.3.0/collect2] ==> ignore
    arg [-plugin] ==> ignore
    arg [/usr/lib/gcc/avr/5.3.0/liblto_plugin.so] ==> ignore
    arg [-plugin-opt=/usr/lib/gcc/avr/5.3.0/lto-wrapper] ==> ignore
    arg [-plugin-opt=-fresolution=/tmp/ccNvCN2q.res] ==> ignore
    arg [-plugin-opt=-pass-through=-lgcc] ==> ignore
    arg [-plugin-opt=-pass-through=-lm] ==> ignore
    arg [-plugin-opt=-pass-through=-lc] ==> ignore
    arg [-o] ==> ignore
    arg [cmTC_a74e5] ==> ignore
    arg [-L/usr/lib/gcc/avr/5.3.0] ==> dir [/usr/lib/gcc/avr/5.3.0]
    arg [-L/usr/lib/gcc/avr/5.3.0/../../../../avr/lib] ==> dir [/usr/lib/gcc/avr/5.3.0/../../../../avr/lib]
    arg [--gc-sections] ==> ignore
    arg [CMakeFiles/cmTC_a74e5.dir/CMakeCXXCompilerABI.cpp.obj] ==> ignore
    arg [-lgcc] ==> lib [gcc]
    arg [-lm] ==> lib [m]
    arg [--start-group] ==> ignore
    arg [-lgcc] ==> lib [gcc]
    arg [-lm] ==> lib [m]
    arg [-lc] ==> lib [c]
    arg [--end-group] ==> ignore
  remove lib [gcc]
  remove lib [gcc]
  collapse library dir [/usr/lib/gcc/avr/5.3.0] ==> [/usr/lib/gcc/avr/5.3.0]
  collapse library dir [/usr/lib/gcc/avr/5.3.0/../../../../avr/lib] ==> [/usr/avr/lib]
  implicit libs: [m;m;c]
  implicit dirs: [/usr/lib/gcc/avr/5.3.0;/usr/avr/lib]
  implicit fwks: []




Detecting CXX [-std=c++14] compiler features compiled with the following output:
Change Dir: /home/ralf/devel/makelight/arduino/build/CMakeFiles/CMakeTmp

Run Build Command:"/usr/bin/make" "cmTC_90f1d/fast"
/usr/bin/make -f CMakeFiles/cmTC_90f1d.dir/build.make CMakeFiles/cmTC_90f1d.dir/build
make[1]: Verzeichnis „/home/ralf/devel/makelight/arduino/build/CMakeFiles/CMakeTmp“ wird betreten
Building CXX object CMakeFiles/cmTC_90f1d.dir/feature_tests.cxx.obj
/usr/bin/avr-g++     -g -Os       -mcall-prologues -ffunction-sections -fdata-sections -fno-exceptions    -std=c++14 -o CMakeFiles/cmTC_90f1d.dir/feature_tests.cxx.obj -c /home/ralf/devel/makelight/arduino/build/CMakeFiles/feature_tests.cxx
Linking CXX executable cmTC_90f1d
/usr/bin/cmake -E cmake_link_script CMakeFiles/cmTC_90f1d.dir/link.txt --verbose=1
/usr/bin/avr-g++   -g -Os       -mcall-prologues -ffunction-sections -fdata-sections -fno-exceptions   -Wl,--gc-sections -lm  CMakeFiles/cmTC_90f1d.dir/feature_tests.cxx.obj  -o cmTC_90f1d 
make[1]: Verzeichnis „/home/ralf/devel/makelight/arduino/build/CMakeFiles/CMakeTmp“ wird verlassen




Detecting CXX [-std=c++11] compiler features compiled with the following output:
Change Dir: /home/ralf/devel/makelight/arduino/build/CMakeFiles/CMakeTmp

Run Build Command:"/usr/bin/make" "cmTC_91f96/fast"
/usr/bin/make -f CMakeFiles/cmTC_91f96.dir/build.make CMakeFiles/cmTC_91f96.dir/build
make[1]: Verzeichnis „/home/ralf/devel/makelight/arduino/build/CMakeFiles/CMakeTmp“ wird betreten
Building CXX object CMakeFiles/cmTC_91f96.dir/feature_tests.cxx.obj
/usr/bin/avr-g++     -g -Os       -mcall-prologues -ffunction-sections -fdata-sections -fno-exceptions    -std=c++11 -o CMakeFiles/cmTC_91f96.dir/feature_tests.cxx.obj -c /home/ralf/devel/makelight/arduino/build/CMakeFiles/feature_tests.cxx
Linking CXX executable cmTC_91f96
/usr/bin/cmake -E cmake_link_script CMakeFiles/cmTC_91f96.dir/link.txt --verbose=1
/usr/bin/avr-g++   -g -Os       -mcall-prologues -ffunction-sections -fdata-sections -fno-exceptions   -Wl,--gc-sections -lm  CMakeFiles/cmTC_91f96.dir/feature_tests.cxx.obj  -o cmTC_91f96 
make[1]: Verzeichnis „/home/ralf/devel/makelight/arduino/build/CMakeFiles/CMakeTmp“ wird verlassen




Detecting CXX [-std=c++98] compiler features compiled with the following output:
Change Dir: /home/ralf/devel/makelight/arduino/build/CMakeFiles/CMakeTmp

Run Build Command:"/usr/bin/make" "cmTC_c231d/fast"
/usr/bin/make -f CMakeFiles/cmTC_c231d.dir/build.make CMakeFiles/cmTC_c231d.dir/build
make[1]: Verzeichnis „/home/ralf/devel/makelight/arduino/build/CMakeFiles/CMakeTmp“ wird betreten
Building CXX object CMakeFiles/cmTC_c231d.dir/feature_tests.cxx.obj
/usr/bin/avr-g++     -g -Os       -mcall-prologues -ffunction-sections -fdata-sections -fno-exceptions    -std=c++98 -o CMakeFiles/cmTC_c231d.dir/feature_tests.cxx.obj -c /home/ralf/devel/makelight/arduino/build/CMakeFiles/feature_tests.cxx
Linking CXX executable cmTC_c231d
/usr/bin/cmake -E cmake_link_script CMakeFiles/cmTC_c231d.dir/link.txt --verbose=1
/usr/bin/avr-g++   -g -Os       -mcall-prologues -ffunction-sections -fdata-sections -fno-exceptions   -Wl,--gc-sections -lm  CMakeFiles/cmTC_c231d.dir/feature_tests.cxx.obj  -o cmTC_c231d 
make[1]: Verzeichnis „/home/ralf/devel/makelight/arduino/build/CMakeFiles/CMakeTmp“ wird verlassen


